"I:/UnrealProject/UE4GitTest/UE4GitTest.uproject" 1
"../../../Engine/Plugins/2D/Paper2D/Paper2D.uplugin" 2
"../../../Engine/Plugins/Blendables/LightPropagationVolume/LightPropagationVolume.uplugin" 3
"../../../Engine/Plugins/Developer/BlankPlugin/BlankPlugin.uplugin" 4
"../../../Engine/Plugins/Developer/CodeLiteSourceCodeAccess/CodeLiteSourceCodeAccess.uplugin" 5
"../../../Engine/Plugins/Developer/GitSourceControl/GitSourceControl.uplugin" 6
"../../../Engine/Plugins/Developer/KDevelopSourceCodeAccess/KDevelopSourceCodeAccess.uplugin" 7
"../../../Engine/Plugins/Developer/NullSourceCodeAccess/NullSourceCodeAccess.uplugin" 8
"../../../Engine/Plugins/Developer/OneSkyLocalizationService/OneSkyLocalizationService.uplugin" 9
"../../../Engine/Plugins/Developer/PerforceSourceControl/PerforceSourceControl.uplugin" 10
"../../../Engine/Plugins/Developer/SubversionSourceControl/SubversionSourceControl.uplugin" 11
"../../../Engine/Plugins/Developer/UObjectPlugin/UObjectPlugin.uplugin" 12
"../../../Engine/Plugins/Developer/VisualStudioSourceCodeAccess/VisualStudioSourceCodeAccess.uplugin" 13
"../../../Engine/Plugins/Developer/XCodeSourceCodeAccess/XCodeSourceCodeAccess.uplugin" 14
"../../../Engine/Plugins/Editor/EpicSurvey/EpicSurvey.uplugin" 15
"../../../Engine/Plugins/Editor/MacGraphicsSwitching/MacGraphicsSwitching.uplugin" 16
"../../../Engine/Plugins/Editor/PluginBrowser/PluginBrowser.uplugin" 17
"../../../Engine/Plugins/Editor/SpeedTreeImporter/SpeedTreeImporter.uplugin" 18
"../../../Engine/Plugins/Experimental/BlueprintStats/BlueprintStats.uplugin" 19
"../../../Engine/Plugins/Experimental/CharacterAI/CharacterAI.uplugin" 20
"../../../Engine/Plugins/Experimental/CodeEditor/CodeEditor.uplugin" 21
"../../../Engine/Plugins/Experimental/CodeView/CodeView.uplugin" 22
"../../../Engine/Plugins/Experimental/HTML5Networking/HTML5Networking.uplugin" 23
"../../../Engine/Plugins/Experimental/LiveEditor/LiveEditor.uplugin" 24
"../../../Engine/Plugins/Experimental/Phya/Phya.uplugin" 25
"../../../Engine/Plugins/Experimental/SimpleHMD/SimpleHMD.uplugin" 26
"../../../Engine/Plugins/Experimental/StructBox/StructBox.uplugin" 27
"../../../Engine/Plugins/Marketplace/Substance/Substance.uplugin" 28
"../../../Engine/Plugins/Media/AndroidMedia/AndroidMedia.uplugin" 29
"../../../Engine/Plugins/Media/AvfMedia/AvfMedia.uplugin" 30
"../../../Engine/Plugins/Media/MediaPlayerEditor/MediaPlayerEditor.uplugin" 31
"../../../Engine/Plugins/Media/WmfMedia/WmfMedia.uplugin" 32
"../../../Engine/Plugins/Messaging/MessagingDebugger/MessagingDebugger.uplugin" 33
"../../../Engine/Plugins/Messaging/UdpMessaging/UdpMessaging.uplugin" 34
"../../../Engine/Plugins/NetcodeUnitTest/NetcodeUnitTest/NetcodeUnitTest.uplugin" 35
"../../../Engine/Plugins/NetcodeUnitTest/NUTUnrealEngine4/NUTUnrealEngine4.uplugin" 36
"../../../Engine/Plugins/Runtime/Advertising/IOSTapJoy/IOSTapJoy.uplugin" 37
"../../../Engine/Plugins/Runtime/Analytics/AnalyticsBlueprintLibrary/AnalyticsBlueprintLibrary.uplugin" 38
"../../../Engine/Plugins/Runtime/Analytics/AnalyticsMulticast/AnalyticsMulticast.uplugin" 39
"../../../Engine/Plugins/Runtime/Analytics/Apsalar/IOSApsalar/IOSApsalar.uplugin" 40
"../../../Engine/Plugins/Runtime/Analytics/FileLogging/FileLogging.uplugin" 41
"../../../Engine/Plugins/Runtime/Analytics/Flurry/IOSFlurry/IOSFlurry.uplugin" 42
"../../../Engine/Plugins/Runtime/AndroidDeviceProfileSelector/AndroidDeviceProfileSelector.uplugin" 43
"../../../Engine/Plugins/Runtime/AndroidMoviePlayer/AndroidMoviePlayer.uplugin" 44
"../../../Engine/Plugins/Runtime/AppleMoviePlayer/AppleMoviePlayer.uplugin" 45
"../../../Engine/Plugins/Runtime/ArchVisCharacter/ArchVisCharacter.uplugin" 46
"../../../Engine/Plugins/Runtime/CableComponent/CableComponent.uplugin" 47
"../../../Engine/Plugins/Runtime/CustomMeshComponent/CustomMeshComponent.uplugin" 48
"../../../Engine/Plugins/Runtime/ExampleDeviceProfileSelector/ExampleDeviceProfileSelector.uplugin" 49
"../../../Engine/Plugins/Runtime/GearVR/GearVR.uplugin" 50
"../../../Engine/Plugins/Runtime/IOSDeviceProfileSelector/IOSDeviceProfileSelector.uplugin" 51
"../../../Engine/Plugins/Runtime/LeapMotionController/LeapMotionController.uplugin" 52
"../../../Engine/Plugins/Runtime/LiveEditorListenServer/LiveEditorListenServer.uplugin" 53
"../../../Engine/Plugins/Runtime/OculusAudio/OculusAudio.uplugin" 54
"../../../Engine/Plugins/Runtime/OculusLibrary/OculusLibrary.uplugin" 55
"../../../Engine/Plugins/Runtime/OculusRift/OculusRift.uplugin" 56
"../../../Engine/Plugins/Runtime/ProceduralMeshComponent/ProceduralMeshComponent.uplugin" 57
"../../../Engine/Plugins/Runtime/SoundMod/SoundMod.uplugin" 58
"../../../Engine/Plugins/Runtime/SoundVisualizations/SoundVisualizations.uplugin" 59
"../../../Engine/Plugins/Runtime/Steam/SteamController/SteamController.uplugin" 60
"../../../Engine/Plugins/Runtime/Steam/SteamVR/SteamVR.uplugin" 61
"../../../Engine/Plugins/Runtime/WebBrowserWidget/WebBrowserWidget.uplugin" 62
"../../../Engine/Plugins/Runtime/WindowsDeviceProfileSelector/WindowsDeviceProfileSelector.uplugin" 63
"../../../Engine/Plugins/Runtime/WindowsMoviePlayer/WindowsMoviePlayer.uplugin" 64
"../../../Engine/Plugins/ScriptGeneratorPlugin/ScriptGeneratorPlugin.uplugin" 65
"../../../Engine/Plugins/ScriptPlugin/ScriptPlugin.uplugin" 66
"../../../Engine/Plugins/Slate/SlateRemote/SlateRemote.uplugin" 67
"..\..\..\Engine\Content\Internationalization\icudt53l\cnvalias.icu" 68
"..\..\..\Engine\Content\Internationalization\icudt53l\en_US_POSIX.res" 69
"..\..\..\Engine\Content\Internationalization\icudt53l\pool.res" 70
"..\..\..\Engine\Content\Internationalization\icudt53l\en_US.res" 71
"..\..\..\Engine\Content\Internationalization\icudt53l\en.res" 72
"..\..\..\Engine\Content\Internationalization\icudt53l\root.res" 73
"..\..\..\Engine\Content\Internationalization\icudt53l\ko_KR.res" 74
"..\..\..\Engine\Content\Internationalization\icudt53l\ko.res" 75
"C:/Users/???/AppData/Local/UnrealEngine/4.9/Saved/Config/Windows/Manifest.ini" 76
"../../../Engine/Config/Base.ini" 77
"../../../Engine/Config/BaseEngine.ini" 78
"I:/UnrealProject/UE4GitTest/Config/DefaultEngine.ini" 79
"../../../Engine/Config/Windows/WindowsEngine.ini" 80
"I:/UnrealProject/UE4GitTest/Saved/Config/Windows/Engine.ini" 81
"../../../../../../../UnrealProject/UE4GitTest/Intermediate/Config/CoalescedSourceConfigs/Engine.ini" 82
"../../../Engine/Config/BaseGame.ini" 83
"I:/UnrealProject/UE4GitTest/Config/DefaultGame.ini" 84
"I:/UnrealProject/UE4GitTest/Saved/Config/Windows/Game.ini" 85
"../../../../../../../UnrealProject/UE4GitTest/Intermediate/Config/CoalescedSourceConfigs/Game.ini" 86
"../../../Engine/Config/BaseInput.ini" 87
"I:/UnrealProject/UE4GitTest/Config/DefaultInput.ini" 88
"I:/UnrealProject/UE4GitTest/Saved/Config/Windows/Input.ini" 89
"../../../../../../../UnrealProject/UE4GitTest/Intermediate/Config/CoalescedSourceConfigs/Input.ini" 90
"../../../Engine/Config/BaseEditor.ini" 91
"I:/UnrealProject/UE4GitTest/Config/DefaultEditor.ini" 92
"I:/UnrealProject/UE4GitTest/Saved/Config/Windows/Editor.ini" 93
"../../../../../../../UnrealProject/UE4GitTest/Intermediate/Config/CoalescedSourceConfigs/Editor.ini" 94
"../../../../../../../UnrealProject/UE4GitTest/Saved/Config/Windows/EditorUserSettings.ini" 95
"../../../Engine/Config/BaseEditorPerProjectUserSettings.ini" 96
"I:/UnrealProject/UE4GitTest/Config/DefaultEditorPerProjectUserSettings.ini" 97
"I:/UnrealProject/UE4GitTest/Saved/Config/Windows/EditorPerProjectUserSettings.ini" 98
"../../../../../../../UnrealProject/UE4GitTest/Intermediate/Config/CoalescedSourceConfigs/EditorPerProjectUserSettings.ini" 99
"../../../Engine/Config/BaseEditorSettings.ini" 100
"C:/Users/???/AppData/Local/UnrealEngine/4.9/Saved/Config/Windows/EditorSettings.ini" 101
"../../../../../../../UnrealProject/UE4GitTest/Intermediate/Config/CoalescedSourceConfigs/EditorSettings.ini" 102
"../../../Engine/Config/BaseEditorLayout.ini" 103
"C:/Users/???/AppData/Local/UnrealEngine/4.9/Saved/Config/Windows/EditorLayout.ini" 104
"../../../../../../../UnrealProject/UE4GitTest/Intermediate/Config/CoalescedSourceConfigs/EditorLayout.ini" 105
"../../../Engine/Config/BaseEditorKeyBindings.ini" 106
"C:/Users/???/AppData/Local/UnrealEngine/4.9/Saved/Config/Windows/EditorKeyBindings.ini" 107
"../../../../../../../UnrealProject/UE4GitTest/Intermediate/Config/CoalescedSourceConfigs/EditorKeyBindings.ini" 108
"../../../Engine/Config/BaseCompat.ini" 109
"I:/UnrealProject/UE4GitTest/Saved/Config/Windows/Compat.ini" 110
"../../../../../../../UnrealProject/UE4GitTest/Intermediate/Config/CoalescedSourceConfigs/Compat.ini" 111
"../../../Engine/Config/BaseLightmass.ini" 112
"I:/UnrealProject/UE4GitTest/Saved/Config/Windows/Lightmass.ini" 113
"../../../../../../../UnrealProject/UE4GitTest/Intermediate/Config/CoalescedSourceConfigs/Lightmass.ini" 114
"../../../Engine/Config/BaseScalability.ini" 115
"I:/UnrealProject/UE4GitTest/Saved/Config/Windows/Scalability.ini" 116
"../../../../../../../UnrealProject/UE4GitTest/Intermediate/Config/CoalescedSourceConfigs/Scalability.ini" 117
"I:/UnrealProject/UE4GitTest/Saved/Config/Windows/GameUserSettings.ini" 118
"../../../../../../../UnrealProject/UE4GitTest/Intermediate/Config/CoalescedSourceConfigs/GameUserSettings.ini" 119
"../../../Engine/Config/BaseDeviceProfiles.ini" 120
"I:/UnrealProject/UE4GitTest/Saved/Config/Windows/DeviceProfiles.ini" 121
"../../../../../../../UnrealProject/UE4GitTest/Intermediate/Config/CoalescedSourceConfigs/DeviceProfiles.ini" 122
"../../../Engine/Config/ConsoleVariables.ini" 123
"..\..\..\Engine\Content\Internationalization\icudt53l\es.res" 124
"..\..\..\Engine\Content\Internationalization\icudt53l\ja.res" 125
"..\..\..\Engine\Content\Internationalization\icudt53l\pt_BR.res" 126
"..\..\..\Engine\Content\Internationalization\icudt53l\pt.res" 127
"..\..\..\Engine\Content\Internationalization\icudt53l\zh_CN.res" 128
"..\..\..\Engine\Content\Internationalization\icudt53l\zh_Hans_CN.res" 129
"..\..\..\Engine\Content\Internationalization\icudt53l\zh_Hans.res" 130
"..\..\..\Engine\Content\Internationalization\icudt53l\zh.res" 131
"I:/ProgramFiles/Epic/Epic Games/4.9/Engine/Content/Localization/Engine/en/Engine.locres" 132
"I:/ProgramFiles/Epic/Epic Games/4.9/Engine/Content/Localization/Editor/en/Editor.locres" 133
"I:/ProgramFiles/Epic/Epic Games/4.9/Engine/Content/Localization/EditorTutorials/en/EditorTutorials.locres" 134
"I:/ProgramFiles/Epic/Epic Games/4.9/Engine/Content/Localization/Keywords/en/Keywords.locres" 135
"I:/ProgramFiles/Epic/Epic Games/4.9/Engine/Content/Localization/Category/en/Category.locres" 136
"I:/ProgramFiles/Epic/Epic Games/4.9/Engine/Content/Localization/ToolTips/en/ToolTips.locres" 137
"I:/ProgramFiles/Epic/Epic Games/4.9/Engine/Content/Localization/PropertyNames/en/PropertyNames.locres" 138
"../../../Engine/Content/Slate/Fonts/Roboto-Regular.ttf" 139
"../../../Engine/Content/Slate/Fonts/DroidSansMono.ttf" 140
"../../../Engine/Content/Slate/Fonts/Roboto-Bold.ttf" 141
"../../../Engine/Content/Slate/Fonts/Roboto-Light.ttf" 142
"I:/ProgramFiles/Epic/Epic Games/4.9/Engine/Binaries/Win64/../../../Engine/Shaders/ParticleSpriteVertexFactory.usf" 143
"I:/ProgramFiles/Epic/Epic Games/4.9/Engine/Binaries/Win64/../../../Engine/Shaders/VertexFactoryCommon.usf" 144
"I:/ProgramFiles/Epic/Epic Games/4.9/Engine/Binaries/Win64/../../../Engine/Shaders/Common.usf" 145
"I:/ProgramFiles/Epic/Epic Games/4.9/Engine/Binaries/Win64/../../../Engine/Shaders/MetalCommon.usf" 146
"I:/ProgramFiles/Epic/Epic Games/4.9/Engine/Binaries/Win64/../../../Engine/Shaders/ShaderVersion.usf" 147
"I:/ProgramFiles/Epic/Epic Games/4.9/Engine/Binaries/Win64/../../../Engine/Shaders/CommonViewUniformBuffer.usf" 148
"I:/ProgramFiles/Epic/Epic Games/4.9/Engine/Binaries/Win64/../../../Engine/Shaders/Definitions.usf" 149
"I:/ProgramFiles/Epic/Epic Games/4.9/Engine/Binaries/Win64/../../../Engine/Shaders/Random.usf" 150
"I:/ProgramFiles/Epic/Epic Games/4.9/Engine/Binaries/Win64/../../../Engine/Shaders/ParticleVertexFactoryCommon.usf" 151
"I:/ProgramFiles/Epic/Epic Games/4.9/Engine/Binaries/Win64/../../../Engine/Shaders/ParticleGPUSpriteVertexFactory.usf" 152
"I:/ProgramFiles/Epic/Epic Games/4.9/Engine/Binaries/Win64/../../../Engine/Shaders/ParticleBeamTrailVertexFactory.usf" 153
"I:/ProgramFiles/Epic/Epic Games/4.9/Engine/Binaries/Win64/../../../Engine/Shaders/LocalVertexFactory.usf" 154
"I:/ProgramFiles/Epic/Epic Games/4.9/Engine/Binaries/Win64/../../../Engine/Shaders/LocalVertexFactoryCommon.usf" 155
"I:/ProgramFiles/Epic/Epic Games/4.9/Engine/Binaries/Win64/../../../Engine/Shaders/VectorFieldVisualizationVertexFactory.usf" 156
"I:/ProgramFiles/Epic/Epic Games/4.9/Engine/Binaries/Win64/../../../Engine/Shaders/MeshParticleVertexFactory.usf" 157
"I:/ProgramFiles/Epic/Epic Games/4.9/Engine/Binaries/Win64/../../../Engine/Shaders/GpuSkinVertexFactory.usf" 158
"I:/ProgramFiles/Epic/Epic Games/4.9/Engine/Binaries/Win64/../../../Engine/Shaders/GpuSkinCacheCommon.usf" 159
"I:/ProgramFiles/Epic/Epic Games/4.9/Engine/Binaries/Win64/../../../Engine/Shaders/LandscapeVertexFactory.usf" 160
"I:/ProgramFiles/Epic/Epic Games/4.9/Engine/Binaries/Win64/../../../Engine/Shaders/SlateElementPixelShader.usf" 161
"I:/ProgramFiles/Epic/Epic Games/4.9/Engine/Binaries/Win64/../../../Engine/Shaders/GammaCorrectionCommon.usf" 162
"I:/ProgramFiles/Epic/Epic Games/4.9/Engine/Binaries/Win64/../../../Engine/Shaders/MaterialTemplate.usf" 163
"I:/ProgramFiles/Epic/Epic Games/4.9/Engine/Binaries/Win64/../../../Engine/Shaders/DepthOfFieldCommon.usf" 164
"I:/ProgramFiles/Epic/Epic Games/4.9/Engine/Binaries/Win64/../../../Engine/Shaders/GlobalDistanceFieldShared.usf" 165
"I:/ProgramFiles/Epic/Epic Games/4.9/Engine/Binaries/Win64/../../../Engine/Shaders/SpeedTreeCommon.usf" 166
"I:/ProgramFiles/Epic/Epic Games/4.9/Engine/Binaries/Win64/../../../Engine/Shaders/AtmosphereCommon.usf" 167
"I:/ProgramFiles/Epic/Epic Games/4.9/Engine/Binaries/Win64/../../../Engine/Shaders/PaniniProjection.usf" 168
"I:/ProgramFiles/Epic/Epic Games/4.9/Engine/Binaries/Win64/../../../Engine/Shaders/EyeAdaptationCommon.usf" 169
"I:/ProgramFiles/Epic/Epic Games/4.9/Engine/Binaries/Win64/../../../Engine/Shaders/PostProcessCommon.usf" 170
"I:/ProgramFiles/Epic/Epic Games/4.9/Engine/Binaries/Win64/../../../Engine/Shaders/DeferredShadingCommon.usf" 171
"I:/ProgramFiles/Epic/Epic Games/4.9/Engine/Binaries/Win64/../../../Engine/Shaders/LightAccumulator.usf" 172
"I:/ProgramFiles/Epic/Epic Games/4.9/Engine/Binaries/Win64/../../../Engine/Shaders/SlateVertexShader.usf" 173
"I:/ProgramFiles/Epic/Epic Games/4.9/Engine/Binaries/Win64/../../../Engine/Shaders/ParticleSortKeyGen.usf" 174
"I:/ProgramFiles/Epic/Epic Games/4.9/Engine/Binaries/Win64/../../../Engine/Shaders/ParticleBoundsShader.usf" 175
"I:/ProgramFiles/Epic/Epic Games/4.9/Engine/Binaries/Win64/../../../Engine/Shaders/ParticleSimVisualizeShader.usf" 176
"I:/ProgramFiles/Epic/Epic Games/4.9/Engine/Binaries/Win64/../../../Engine/Shaders/ParticleInjectionShader.usf" 177
"I:/ProgramFiles/Epic/Epic Games/4.9/Engine/Binaries/Win64/../../../Engine/Shaders/ParticleSimulationShader.usf" 178
"I:/ProgramFiles/Epic/Epic Games/4.9/Engine/Binaries/Win64/../../../Engine/Shaders/ParticleCurveInjectionShader.usf" 179
"I:/ProgramFiles/Epic/Epic Games/4.9/Engine/Binaries/Win64/../../../Engine/Shaders/VectorFieldCompositeShaders.usf" 180
"I:/ProgramFiles/Epic/Epic Games/4.9/Engine/Binaries/Win64/../../../Engine/Shaders/UpdateTextureShaders.usf" 181
"I:/ProgramFiles/Epic/Epic Games/4.9/Engine/Binaries/Win64/../../../Engine/Shaders/SimpleElementColorChannelMaskPixelShader.usf" 182
"I:/ProgramFiles/Epic/Epic Games/4.9/Engine/Binaries/Win64/../../../Engine/Shaders/SimpleElementPixelShader.usf" 183
"I:/ProgramFiles/Epic/Epic Games/4.9/Engine/Binaries/Win64/../../../Engine/Shaders/ColorUtils.usf" 184
"I:/ProgramFiles/Epic/Epic Games/4.9/Engine/Binaries/Win64/../../../Engine/Shaders/IESLightProfilesCommon.usf" 185
"I:/ProgramFiles/Epic/Epic Games/4.9/Engine/Binaries/Win64/../../../Engine/Shaders/SimpleElementHitProxyPixelShader.usf" 186
"I:/ProgramFiles/Epic/Epic Games/4.9/Engine/Binaries/Win64/../../../Engine/Shaders/SimpleElementVertexShader.usf" 187
"I:/ProgramFiles/Epic/Epic Games/4.9/Engine/Binaries/Win64/../../../Engine/Shaders/ScreenVertexShader.usf" 188
"I:/ProgramFiles/Epic/Epic Games/4.9/Engine/Binaries/Win64/../../../Engine/Shaders/ScreenPixelShader.usf" 189
"I:/ProgramFiles/Epic/Epic Games/4.9/Engine/Binaries/Win64/../../../Engine/Shaders/RadixSortShaders.usf" 190
"I:/ProgramFiles/Epic/Epic Games/4.9/Engine/Binaries/Win64/../../../Engine/Shaders/GpuSkinCacheComputeShader.usf" 191
"I:/ProgramFiles/Epic/Epic Games/4.9/Engine/Binaries/Win64/../../../Engine/Shaders/NullPixelShader.usf" 192
"I:/ProgramFiles/Epic/Epic Games/4.9/Engine/Binaries/Win64/../../../Engine/Shaders/LandscapeGrassWeight.usf" 193
"I:/ProgramFiles/Epic/Epic Games/4.9/Engine/Binaries/Win64/../../../Engine/Shaders/VisualizeTexture.usf" 194
"I:/ProgramFiles/Epic/Epic Games/4.9/Engine/Binaries/Win64/../../../Engine/Shaders/ScreenSpaceReflections.usf" 195
"I:/ProgramFiles/Epic/Epic Games/4.9/Engine/Binaries/Win64/../../../Engine/Shaders/BRDF.usf" 196
"I:/ProgramFiles/Epic/Epic Games/4.9/Engine/Binaries/Win64/../../../Engine/Shaders/MonteCarlo.usf" 197
"I:/ProgramFiles/Epic/Epic Games/4.9/Engine/Binaries/Win64/../../../Engine/Shaders/ScreenSpaceRayCast.usf" 198
"I:/ProgramFiles/Epic/Epic Games/4.9/Engine/Binaries/Win64/../../../Engine/Shaders/FilterVertexShader.usf" 199
"I:/ProgramFiles/Epic/Epic Games/4.9/Engine/Binaries/Win64/../../../Engine/Shaders/FilterPixelShader.usf" 200
"I:/ProgramFiles/Epic/Epic Games/4.9/Engine/Binaries/Win64/../../../Engine/Shaders/PostProcessVisualizeHDR.usf" 201
"I:/ProgramFiles/Epic/Epic Games/4.9/Engine/Binaries/Win64/../../../Engine/Shaders/PostProcessHistogramCommon.usf" 202
"I:/ProgramFiles/Epic/Epic Games/4.9/Engine/Binaries/Win64/../../../Engine/Shaders/TonemapCommon.usf" 203
"I:/ProgramFiles/Epic/Epic Games/4.9/Engine/Binaries/Win64/../../../Engine/Shaders/ACES.usf" 204
"I:/ProgramFiles/Epic/Epic Games/4.9/Engine/Binaries/Win64/../../../Engine/Shaders/MiniFontCommon.usf" 205
"I:/ProgramFiles/Epic/Epic Games/4.9/Engine/Binaries/Win64/../../../Engine/Shaders/PostProcessVisualizeBuffer.usf" 206
"I:/ProgramFiles/Epic/Epic Games/4.9/Engine/Binaries/Win64/../../../Engine/Shaders/PostProcessUpscale.usf" 207
"I:/ProgramFiles/Epic/Epic Games/4.9/Engine/Binaries/Win64/../../../Engine/Shaders/PostProcessTonemap.usf" 208
"I:/ProgramFiles/Epic/Epic Games/4.9/Engine/Binaries/Win64/../../../Engine/Shaders/PostProcessTestImage.usf" 209
"I:/ProgramFiles/Epic/Epic Games/4.9/Engine/Binaries/Win64/../../../Engine/Shaders/PostProcessTemporalAA.usf" 210
"I:/ProgramFiles/Epic/Epic Games/4.9/Engine/Binaries/Win64/../../../Engine/Shaders/PostProcessTemporalCommon.usf" 211
"I:/ProgramFiles/Epic/Epic Games/4.9/Engine/Binaries/Win64/../../../Engine/Shaders/PostProcessSubsurface.usf" 212
"I:/ProgramFiles/Epic/Epic Games/4.9/Engine/Binaries/Win64/../../../Engine/Shaders/SeparableSSS.usf" 213
"I:/ProgramFiles/Epic/Epic Games/4.9/Engine/Binaries/Win64/../../../Engine/Shaders/PostProcessSelectionOutline.usf" 214
"I:/ProgramFiles/Epic/Epic Games/4.9/Engine/Binaries/Win64/../../../Engine/Shaders/PostProcessSceneColorFringe.usf" 215
"I:/ProgramFiles/Epic/Epic Games/4.9/Engine/Binaries/Win64/../../../Engine/Shaders/PostProcessNoiseBlur.usf" 216
"I:/ProgramFiles/Epic/Epic Games/4.9/Engine/Binaries/Win64/../../../Engine/Shaders/PostProcessMotionBlur.usf" 217
"I:/ProgramFiles/Epic/Epic Games/4.9/Engine/Binaries/Win64/../../../Engine/Shaders/FastMath.usf" 218
"I:/ProgramFiles/Epic/Epic Games/4.9/Engine/Binaries/Win64/../../../Engine/Shaders/PostProcessVelocityFlatten.usf" 219
"I:/ProgramFiles/Epic/Epic Games/4.9/Engine/Binaries/Win64/../../../Engine/Shaders/MorpheusInclude.usf" 220
"I:/ProgramFiles/Epic/Epic Games/4.9/Engine/Binaries/Win64/../../../Engine/Shaders/PostProcessMobile.usf" 221
"I:/ProgramFiles/Epic/Epic Games/4.9/Engine/Binaries/Win64/../../../Engine/Shaders/PostProcessMaterialShaders.usf" 222
"I:/ProgramFiles/Epic/Epic Games/4.9/Engine/Binaries/Win64/../../../Engine/Shaders/PostProcessLensFlares.usf" 223
"I:/ProgramFiles/Epic/Epic Games/4.9/Engine/Binaries/Win64/../../../Engine/Shaders/PostProcessLensBlur.usf" 224
"I:/ProgramFiles/Epic/Epic Games/4.9/Engine/Binaries/Win64/../../../Engine/Shaders/PostProcessBloom.usf" 225
"I:/ProgramFiles/Epic/Epic Games/4.9/Engine/Binaries/Win64/../../../Engine/Shaders/PostProcessHMD.usf" 226
"I:/ProgramFiles/Epic/Epic Games/4.9/Engine/Binaries/Win64/../../../Engine/Shaders/PostProcessHistogramReduce.usf" 227
"I:/ProgramFiles/Epic/Epic Games/4.9/Engine/Binaries/Win64/../../../Engine/Shaders/PostProcessHistogram.usf" 228
"I:/ProgramFiles/Epic/Epic Games/4.9/Engine/Binaries/Win64/../../../Engine/Shaders/PostProcessHierarchical.usf" 229
"I:/ProgramFiles/Epic/Epic Games/4.9/Engine/Binaries/Win64/../../../Engine/Shaders/PostProcessGBufferHints.usf" 230
"I:/ProgramFiles/Epic/Epic Games/4.9/Engine/Binaries/Win64/../../../Engine/Shaders/PostProcessEyeAdaptation.usf" 231
"I:/ProgramFiles/Epic/Epic Games/4.9/Engine/Binaries/Win64/../../../Engine/Shaders/PostProcessDownsample.usf" 232
"I:/ProgramFiles/Epic/Epic Games/4.9/Engine/Binaries/Win64/../../../Engine/Shaders/PostProcessDOF.usf" 233
"I:/ProgramFiles/Epic/Epic Games/4.9/Engine/Binaries/Win64/../../../Engine/Shaders/PostProcessCompositeEditorPrimitives.usf" 234
"I:/ProgramFiles/Epic/Epic Games/4.9/Engine/Binaries/Win64/../../../Engine/Shaders/PostProcessCombineLUTs.usf" 235
"I:/ProgramFiles/Epic/Epic Games/4.9/Engine/Binaries/Win64/../../../Engine/Shaders/PostProcessCircleDOF.usf" 236
"I:/ProgramFiles/Epic/Epic Games/4.9/Engine/Binaries/Win64/../../../Engine/Shaders/CircleDOFCommon.usf" 237
"I:/ProgramFiles/Epic/Epic Games/4.9/Engine/Binaries/Win64/../../../Engine/Shaders/PostProcessBusyWait.usf" 238
"I:/ProgramFiles/Epic/Epic Games/4.9/Engine/Binaries/Win64/../../../Engine/Shaders/PostProcessBokehDOF.usf" 239
"I:/ProgramFiles/Epic/Epic Games/4.9/Engine/Binaries/Win64/../../../Engine/Shaders/PostProcessVisualizeDOF.usf" 240
"I:/ProgramFiles/Epic/Epic Games/4.9/Engine/Binaries/Win64/../../../Engine/Shaders/FXAAShader.usf" 241
"I:/ProgramFiles/Epic/Epic Games/4.9/Engine/Binaries/Win64/../../../Engine/Shaders/Fxaa3_11.usf" 242
"I:/ProgramFiles/Epic/Epic Games/4.9/Engine/Binaries/Win64/../../../Engine/Shaders/PostProcessPassThrough.usf" 243
"I:/ProgramFiles/Epic/Epic Games/4.9/Engine/Binaries/Win64/../../../Engine/Shaders/PostProcessLpvIndirect.usf" 244
"I:/ProgramFiles/Epic/Epic Games/4.9/Engine/Binaries/Win64/../../../Engine/Shaders/DeferredLightingCommon.usf" 245
"I:/ProgramFiles/Epic/Epic Games/4.9/Engine/Binaries/Win64/../../../Engine/Shaders/DynamicLightingCommon.usf" 246
"I:/ProgramFiles/Epic/Epic Games/4.9/Engine/Binaries/Win64/../../../Engine/Shaders/ShadingModels.usf" 247
"I:/ProgramFiles/Epic/Epic Games/4.9/Engine/Binaries/Win64/../../../Engine/Shaders/LPVFinalPass.usf" 248
"I:/ProgramFiles/Epic/Epic Games/4.9/Engine/Binaries/Win64/../../../Engine/Shaders/LPVCommon.usf" 249
"I:/ProgramFiles/Epic/Epic Games/4.9/Engine/Binaries/Win64/../../../Engine/Shaders/DeferredDecal.usf" 250
"I:/ProgramFiles/Epic/Epic Games/4.9/Engine/Binaries/Win64/../../../Engine/Shaders/PostProcessAmbientOcclusion.usf" 251
"I:/ProgramFiles/Epic/Epic Games/4.9/Engine/Binaries/Win64/../../../Engine/Shaders/PostProcessAmbient.usf" 252
"I:/ProgramFiles/Epic/Epic Games/4.9/Engine/Binaries/Win64/../../../Engine/Shaders/CubemapCommon.usf" 253
"I:/ProgramFiles/Epic/Epic Games/4.9/Engine/Binaries/Win64/../../../Engine/Shaders/VelocityShader.usf" 254
"I:/ProgramFiles/Epic/Epic Games/4.9/Engine/Binaries/Win64/../../../Engine/Shaders/VelocityCommon.usf" 255
"I:/ProgramFiles/Epic/Epic Games/4.9/Engine/Binaries/Win64/../../../Engine/Shaders/Tessellation.usf" 256
"I:/ProgramFiles/Epic/Epic Games/4.9/Engine/Binaries/Win64/../../../Engine/Shaders/FlatTessellation.usf" 257
"I:/ProgramFiles/Epic/Epic Games/4.9/Engine/Binaries/Win64/../../../Engine/Shaders/PNTriangles.usf" 258
"I:/ProgramFiles/Epic/Epic Games/4.9/Engine/Binaries/Win64/../../../Engine/Shaders/TranslucentLightingShaders.usf" 259
"I:/ProgramFiles/Epic/Epic Games/4.9/Engine/Binaries/Win64/../../../Engine/Shaders/SHCommon.usf" 260
"I:/ProgramFiles/Epic/Epic Games/4.9/Engine/Binaries/Win64/../../../Engine/Shaders/ShadowProjectionCommon.usf" 261
"I:/ProgramFiles/Epic/Epic Games/4.9/Engine/Binaries/Win64/../../../Engine/Shaders/TranslucentLightInjectionShaders.usf" 262
"I:/ProgramFiles/Epic/Epic Games/4.9/Engine/Binaries/Win64/../../../Engine/Shaders/LightFunctionCommon.usf" 263
"I:/ProgramFiles/Epic/Epic Games/4.9/Engine/Binaries/Win64/../../../Engine/Shaders/TranslucentShadowDepthShaders.usf" 264
"I:/ProgramFiles/Epic/Epic Games/4.9/Engine/Binaries/Win64/../../../Engine/Shaders/ShadowDepthCommon.usf" 265
"I:/ProgramFiles/Epic/Epic Games/4.9/Engine/Binaries/Win64/../../../Engine/Shaders/TiledDeferredLightShaders.usf" 266
"I:/ProgramFiles/Epic/Epic Games/4.9/Engine/Binaries/Win64/../../../Engine/Shaders/SurfelTree.usf" 267
"I:/ProgramFiles/Epic/Epic Games/4.9/Engine/Binaries/Win64/../../../Engine/Shaders/DistanceFieldLightingShared.usf" 268
"I:/ProgramFiles/Epic/Epic Games/4.9/Engine/Binaries/Win64/../../../Engine/Shaders/SurfelMaterialShared.usf" 269
"I:/ProgramFiles/Epic/Epic Games/4.9/Engine/Binaries/Win64/../../../Engine/Shaders/DistanceFieldAOShared.usf" 270
"I:/ProgramFiles/Epic/Epic Games/4.9/Engine/Binaries/Win64/../../../Engine/Shaders/ShadowProjectionPixelShader.usf" 271
"I:/ProgramFiles/Epic/Epic Games/4.9/Engine/Binaries/Win64/../../../Engine/Shaders/ShadowFilteringCommon.usf" 272
"I:/ProgramFiles/Epic/Epic Games/4.9/Engine/Binaries/Win64/../../../Engine/Shaders/ShadowProjectionVertexShader.usf" 273
"I:/ProgramFiles/Epic/Epic Games/4.9/Engine/Binaries/Win64/../../../Engine/Shaders/ShadowDepthPixelShader.usf" 274
"I:/ProgramFiles/Epic/Epic Games/4.9/Engine/Binaries/Win64/../../../Engine/Shaders/LPVWriteVplCommon.usf" 275
"I:/ProgramFiles/Epic/Epic Games/4.9/Engine/Binaries/Win64/../../../Engine/Shaders/LPVWriteCommon.usf" 276
"I:/ProgramFiles/Epic/Epic Games/4.9/Engine/Binaries/Win64/../../../Engine/Shaders/ShadowDepthVertexShader.usf" 277
"I:/ProgramFiles/Epic/Epic Games/4.9/Engine/Binaries/Win64/../../../Engine/Shaders/ShaderComplexityApplyPixelShader.usf" 278
"I:/ProgramFiles/Epic/Epic Games/4.9/Engine/Binaries/Win64/../../../Engine/Shaders/ShaderComplexityApplyVertexShader.usf" 279
"I:/ProgramFiles/Epic/Epic Games/4.9/Engine/Binaries/Win64/../../../Engine/Shaders/ShaderComplexityAccumulatePixelShader.usf" 280
"I:/ProgramFiles/Epic/Epic Games/4.9/Engine/Binaries/Win64/../../../Engine/Shaders/HZBOcclusion.usf" 281
"I:/ProgramFiles/Epic/Epic Games/4.9/Engine/Binaries/Win64/../../../Engine/Shaders/OcclusionQueryVertexShader.usf" 282
"I:/ProgramFiles/Epic/Epic Games/4.9/Engine/Binaries/Win64/../../../Engine/Shaders/HitProxyPixelShader.usf" 283
"I:/ProgramFiles/Epic/Epic Games/4.9/Engine/Binaries/Win64/../../../Engine/Shaders/HitProxyVertexShader.usf" 284
"I:/ProgramFiles/Epic/Epic Games/4.9/Engine/Binaries/Win64/../../../Engine/Shaders/ReflectionEnvironmentShaders.usf" 285
"I:/ProgramFiles/Epic/Epic Games/4.9/Engine/Binaries/Win64/../../../Engine/Shaders/ReflectionEnvironmentShared.usf" 286
"I:/ProgramFiles/Epic/Epic Games/4.9/Engine/Binaries/Win64/../../../Engine/Shaders/SkyLightingShared.usf" 287
"I:/ProgramFiles/Epic/Epic Games/4.9/Engine/Binaries/Win64/../../../Engine/Shaders/ReflectionEnvironmentComputeShaders.usf" 288
"I:/ProgramFiles/Epic/Epic Games/4.9/Engine/Binaries/Win64/../../../Engine/Shaders/LightShaftShader.usf" 289
"I:/ProgramFiles/Epic/Epic Games/4.9/Engine/Binaries/Win64/../../../Engine/Shaders/StationaryLightOverlapShaders.usf" 290
"I:/ProgramFiles/Epic/Epic Games/4.9/Engine/Binaries/Win64/../../../Engine/Shaders/DeferredLightPixelShaders.usf" 291
"I:/ProgramFiles/Epic/Epic Games/4.9/Engine/Binaries/Win64/../../../Engine/Shaders/DeferredLightVertexShaders.usf" 292
"I:/ProgramFiles/Epic/Epic Games/4.9/Engine/Binaries/Win64/../../../Engine/Shaders/LPVVisualise.usf" 293
"I:/ProgramFiles/Epic/Epic Games/4.9/Engine/Binaries/Win64/../../../Engine/Shaders/LPVGeometryVolumeCommon.usf" 294
"I:/ProgramFiles/Epic/Epic Games/4.9/Engine/Binaries/Win64/../../../Engine/Shaders/LPVDirectLightInject.usf" 295
"I:/ProgramFiles/Epic/Epic Games/4.9/Engine/Binaries/Win64/../../../Engine/Shaders/LPVPropagate.usf" 296
"I:/ProgramFiles/Epic/Epic Games/4.9/Engine/Binaries/Win64/../../../Engine/Shaders/LPVPacking.usf" 297
"I:/ProgramFiles/Epic/Epic Games/4.9/Engine/Binaries/Win64/../../../Engine/Shaders/LPVBuildGeometryVolume.usf" 298
"I:/ProgramFiles/Epic/Epic Games/4.9/Engine/Binaries/Win64/../../../Engine/Shaders/LpvDirectionalOcclusion.usf" 299
"I:/ProgramFiles/Epic/Epic Games/4.9/Engine/Binaries/Win64/../../../Engine/Shaders/LPVInject_AccumulateVplLists.usf" 300
"I:/ProgramFiles/Epic/Epic Games/4.9/Engine/Binaries/Win64/../../../Engine/Shaders/LPVInject_GenerateVplLists.usf" 301
"I:/ProgramFiles/Epic/Epic Games/4.9/Engine/Binaries/Win64/../../../Engine/Shaders/LPVClearLists.usf" 302
"I:/ProgramFiles/Epic/Epic Games/4.9/Engine/Binaries/Win64/../../../Engine/Shaders/LPVClear.usf" 303
"I:/ProgramFiles/Epic/Epic Games/4.9/Engine/Binaries/Win64/../../../Engine/Shaders/LightMapDensityShader.usf" 304
"I:/ProgramFiles/Epic/Epic Games/4.9/Engine/Binaries/Win64/../../../Engine/Shaders/LightFunctionPixelShader.usf" 305
"I:/ProgramFiles/Epic/Epic Games/4.9/Engine/Binaries/Win64/../../../Engine/Shaders/LightFunctionVertexShader.usf" 306
"I:/ProgramFiles/Epic/Epic Games/4.9/Engine/Binaries/Win64/../../../Engine/Shaders/HeightfieldLighting.usf" 307
"I:/ProgramFiles/Epic/Epic Games/4.9/Engine/Binaries/Win64/../../../Engine/Shaders/DistanceFieldShadowingShared.usf" 308
"I:/ProgramFiles/Epic/Epic Games/4.9/Engine/Binaries/Win64/../../../Engine/Shaders/HdrCustomResolveShaders.usf" 309
"I:/ProgramFiles/Epic/Epic Games/4.9/Engine/Binaries/Win64/../../../Engine/Shaders/GPUBenchmark.usf" 310
"I:/ProgramFiles/Epic/Epic Games/4.9/Engine/Binaries/Win64/../../../Engine/Shaders/GlobalDistanceField.usf" 311
"I:/ProgramFiles/Epic/Epic Games/4.9/Engine/Binaries/Win64/../../../Engine/Shaders/GammaCorrection.usf" 312
"I:/ProgramFiles/Epic/Epic Games/4.9/Engine/Binaries/Win64/../../../Engine/Shaders/BasePassForForwardShadingPixelShader.usf" 313
"I:/ProgramFiles/Epic/Epic Games/4.9/Engine/Binaries/Win64/../../../Engine/Shaders/BasePassForForwardShadingCommon.usf" 314
"I:/ProgramFiles/Epic/Epic Games/4.9/Engine/Binaries/Win64/../../../Engine/Shaders/LightmapCommon.usf" 315
"I:/ProgramFiles/Epic/Epic Games/4.9/Engine/Binaries/Win64/../../../Engine/Shaders/BasePassForForwardShadingVertexShader.usf" 316
"I:/ProgramFiles/Epic/Epic Games/4.9/Engine/Binaries/Win64/../../../Engine/Shaders/HeightFogCommon.usf" 317
"I:/ProgramFiles/Epic/Epic Games/4.9/Engine/Binaries/Win64/../../../Engine/Shaders/HeightFogPixelShader.usf" 318
"I:/ProgramFiles/Epic/Epic Games/4.9/Engine/Binaries/Win64/../../../Engine/Shaders/HeightFogVertexShader.usf" 319
"I:/ProgramFiles/Epic/Epic Games/4.9/Engine/Binaries/Win64/../../../Engine/Shaders/DistortAccumulatePS.usf" 320
"I:/ProgramFiles/Epic/Epic Games/4.9/Engine/Binaries/Win64/../../../Engine/Shaders/DistortAccumulateVS.usf" 321
"I:/ProgramFiles/Epic/Epic Games/4.9/Engine/Binaries/Win64/../../../Engine/Shaders/DistortApplyScreenPS.usf" 322
"I:/ProgramFiles/Epic/Epic Games/4.9/Engine/Binaries/Win64/../../../Engine/Shaders/DistanceFieldSurfaceCacheLighting.usf" 323
"I:/ProgramFiles/Epic/Epic Games/4.9/Engine/Binaries/Win64/../../../Engine/Shaders/SkyLighting.usf" 324
"I:/ProgramFiles/Epic/Epic Games/4.9/Engine/Binaries/Win64/../../../Engine/Shaders/DistanceFieldSurfaceCacheLightingCompute.usf" 325
"I:/ProgramFiles/Epic/Epic Games/4.9/Engine/Binaries/Win64/../../../Engine/Shaders/DistanceFieldShadowing.usf" 326
"I:/ProgramFiles/Epic/Epic Games/4.9/Engine/Binaries/Win64/../../../Engine/Shaders/DistanceFieldScreenGridLighting.usf" 327
"I:/ProgramFiles/Epic/Epic Games/4.9/Engine/Binaries/Win64/../../../Engine/Shaders/DistanceFieldLightingPost.usf" 328
"I:/ProgramFiles/Epic/Epic Games/4.9/Engine/Binaries/Win64/../../../Engine/Shaders/DistanceFieldGlobalIllumination.usf" 329
"I:/ProgramFiles/Epic/Epic Games/4.9/Engine/Binaries/Win64/../../../Engine/Shaders/DepthOnlyPixelShader.usf" 330
"I:/ProgramFiles/Epic/Epic Games/4.9/Engine/Binaries/Win64/../../../Engine/Shaders/DepthOnlyVertexShader.usf" 331
"I:/ProgramFiles/Epic/Epic Games/4.9/Engine/Binaries/Win64/../../../Engine/Shaders/PositionOnlyDepthVertexShader.usf" 332
"I:/ProgramFiles/Epic/Epic Games/4.9/Engine/Binaries/Win64/../../../Engine/Shaders/DownsampleDepthPixelShader.usf" 333
"I:/ProgramFiles/Epic/Epic Games/4.9/Engine/Binaries/Win64/../../../Engine/Shaders/EvaluateSurfelMaterial.usf" 334
"I:/ProgramFiles/Epic/Epic Games/4.9/Engine/Binaries/Win64/../../../Engine/Shaders/ConvertToUniformMesh.usf" 335
"I:/ProgramFiles/Epic/Epic Games/4.9/Engine/Binaries/Win64/../../../Engine/Shaders/BasePassPixelShader.usf" 336
"I:/ProgramFiles/Epic/Epic Games/4.9/Engine/Binaries/Win64/../../../Engine/Shaders/BasePassCommon.usf" 337
"I:/ProgramFiles/Epic/Epic Games/4.9/Engine/Binaries/Win64/../../../Engine/Shaders/ForEachLight.usf" 338
"I:/ProgramFiles/Epic/Epic Games/4.9/Engine/Binaries/Win64/../../../Engine/Shaders/BasePassVertexShader.usf" 339
"I:/ProgramFiles/Epic/Epic Games/4.9/Engine/Binaries/Win64/../../../Engine/Shaders/BasePassVertexCommon.usf" 340
"I:/ProgramFiles/Epic/Epic Games/4.9/Engine/Binaries/Win64/../../../Engine/Shaders/BasePassTessellationShaders.usf" 341
"I:/ProgramFiles/Epic/Epic Games/4.9/Engine/Binaries/Win64/../../../Engine/Shaders/AtmospherePrecompute.usf" 342
"I:/ProgramFiles/Epic/Epic Games/4.9/Engine/Binaries/Win64/../../../Engine/Shaders/AtmospherePrecomputeCommon.usf" 343
"I:/ProgramFiles/Epic/Epic Games/4.9/Engine/Binaries/Win64/../../../Engine/Shaders/AtmospherePrecomputeInscatter.usf" 344
"I:/ProgramFiles/Epic/Epic Games/4.9/Engine/Binaries/Win64/../../../Engine/Shaders/AtmosphericFogShader.usf" 345
"I:/ProgramFiles/Epic/Epic Games/4.9/Engine/Binaries/Win64/../../../Engine/Shaders/ResolveVertexShader.usf" 346
"I:/ProgramFiles/Epic/Epic Games/4.9/Engine/Binaries/Win64/../../../Engine/Shaders/ResolvePixelShader.usf" 347
"I:/ProgramFiles/Epic/Epic Games/4.9/Engine/Binaries/Win64/../../../Engine/Shaders/OneColorShader.usf" 348
"I:/ProgramFiles/Epic/Epic Games/4.9/Engine/Binaries/Win64/../../../Engine/Shaders/MediaShaders.usf" 349
"I:/ProgramFiles/Epic/Epic Games/4.9/Engine/Binaries/Win64/../../../Engine/Shaders/ClearReplacementShaders.usf" 350
"I:/ProgramFiles/Epic/Epic Games/4.9/Engine/Binaries/Win64/../../../Engine/Shaders/SimpleElementTexture2DPreviewPixelShader.usf" 351
"I:/ProgramFiles/Epic/Epic Games/4.9/Engine/Binaries/Win64/../../../Engine/Shaders/SimpleElementNormalMapPixelShader.usf" 352
"I:/ProgramFiles/Epic/Epic Games/4.9/Engine/Binaries/Win64/../../../Engine/Shaders/meshpaintdilatepixelshader.usf" 353
"I:/ProgramFiles/Epic/Epic Games/4.9/Engine/Binaries/Win64/../../../Engine/Shaders/meshpaintdilatevertexshader.usf" 354
"I:/ProgramFiles/Epic/Epic Games/4.9/Engine/Binaries/Win64/../../../Engine/Shaders/MeshPaintPixelShader.usf" 355
"I:/ProgramFiles/Epic/Epic Games/4.9/Engine/Binaries/Win64/../../../Engine/Shaders/MeshPaintVertexShader.usf" 356
"../../../Engine/Config/Android/AndroidEngine.ini" 357
"../../../Engine/Config/IOS/IOSEngine.ini" 358
"../../../Engine/Config/Linux/LinuxEngine.ini" 359
"C:/Users/???/AppData/Local/UnrealEngine/4.9/DerivedDataCache/Boot.ddc" 360
"../../../Engine/DerivedDataCache/Compressed.ddp" 361
"../../../Engine/Content/EngineFonts/Roboto.uasset" 362
"../../../Engine/Content/EngineMaterials/Widget3DPassThrough_Translucent.uasset" 363
"../../../Engine/Content/EngineMaterials/Widget3DPassThrough.uasset" 364
"../../../Engine/Content/Functions/Engine_MaterialFunctions02/Texturing/ScreenAlignedUVs.uasset" 365
"../../../Engine/Content/EngineResources/WhiteSquareTexture.uasset" 366
"../../../Engine/Content/Functions/Engine_MaterialFunctions01/Shading/PowerToRoughness.uasset" 367
"../../../Engine/Content/Functions/Engine_MaterialFunctions01/Shading/ConvertFromDiffSpec.uasset" 368
"../../../Engine/Content/EngineMaterials/WorldGridMaterial.uasset" 369
"../../../Engine/Content/Functions/Engine_MaterialFunctions01/Opacity/CameraDepthFade.uasset" 370
"../../../Engine/Content/EngineMaterials/T_Default_Material_Grid_M.uasset" 371
"../../../Engine/Content/EngineMaterials/T_Default_Material_Grid_N.uasset" 372
"../../../Engine/Content/EngineMaterials/DefaultDeferredDecalMaterial.uasset" 373
"../../../Engine/Content/EngineMaterials/DefaultDiffuse.uasset" 374
"../../../Engine/Content/EngineMaterials/DefaultLightFunctionMaterial.uasset" 375
"../../../Engine/Content/EngineMaterials/DefaultPostProcessMaterial.uasset" 376
"../../../Engine/Content/Functions/Engine_MaterialFunctions02/Utility/BreakOutFloat2Components.uasset" 377
"../../../Engine/Content/EngineResources/DefaultTexture.uasset" 378
"I:/UnrealProject/UE4GitTest/Intermediate/Shaders/tmp/F752D6E043C0D339472C27940DDB9243/0/WorkerOutputOnly.out" 379
"I:/UnrealProject/UE4GitTest/Intermediate/Shaders/tmp/F752D6E043C0D339472C27940DDB9243/1/WorkerOutputOnly.out" 380
"I:/UnrealProject/UE4GitTest/Intermediate/Shaders/tmp/F752D6E043C0D339472C27940DDB9243/8/WorkerOutputOnly.out" 381
"I:/UnrealProject/UE4GitTest/Intermediate/Shaders/tmp/F752D6E043C0D339472C27940DDB9243/6/WorkerOutputOnly.out" 382
"I:/UnrealProject/UE4GitTest/Intermediate/Shaders/tmp/F752D6E043C0D339472C27940DDB9243/7/WorkerOutputOnly.out" 383
"I:/UnrealProject/UE4GitTest/Intermediate/Shaders/tmp/F752D6E043C0D339472C27940DDB9243/2/WorkerOutputOnly.out" 384
"I:/UnrealProject/UE4GitTest/Intermediate/Shaders/tmp/F752D6E043C0D339472C27940DDB9243/5/WorkerOutputOnly.out" 385
"I:/UnrealProject/UE4GitTest/Intermediate/Shaders/tmp/F752D6E043C0D339472C27940DDB9243/4/WorkerOutputOnly.out" 386
"I:/UnrealProject/UE4GitTest/Intermediate/Shaders/tmp/F752D6E043C0D339472C27940DDB9243/3/WorkerOutputOnly.out" 387
"../../../Engine/Content/EngineMaterials/Widget3DPassThrough_Translucent_OneSided.uasset" 388
"../../../Engine/Content/EngineMaterials/Widget3DPassThrough_Opaque.uasset" 389
"../../../Engine/Content/EngineMaterials/Widget3DPassThrough_Opaque_OneSided.uasset" 390
"../../../Engine/Content/EngineMaterials/Widget3DPassThrough_Masked.uasset" 391
"../../../Engine/Content/EngineMaterials/Widget3DPassThrough_Masked_OneSided.uasset" 392
"../../../Engine/Content/EditorResources/S_Actor.uasset" 393
"I:/UnrealProject/UE4GitTest/Saved/Config/Windows/TemplateDefs.ini" 394
"../../../../../../../UnrealProject/UE4GitTest/Intermediate/Config/CoalescedSourceConfigs/TemplateDefs.ini" 395
"I:/UnrealProject/UE4GitTest/Saved/Config/Windows/GameplayTags.ini" 396
"../../../../../../../UnrealProject/UE4GitTest/Intermediate/Config/CoalescedSourceConfigs/GameplayTags.ini" 397
"../../../Engine/Content/Maps/Templates/Thumbnails/Default.uasset" 398
"../../../Engine/Content/EditorMaterials/ParticleSystems/PSysThumbnail_NoImage.uasset" 399
"../../../Engine/Content/EditorMaterials/ParticleSystems/PSysThumbnail_OOD.uasset" 400
"../../../Engine/Content/EditorLandscapeResources/DataLayer.uasset" 401
"../../../Engine/Content/EngineDamageTypes/DmgTypeBP_Environmental.uasset" 402
"..\..\..\Engine\Content\Internationalization\icudt53l\numberingSystems.res" 403
"..\..\..\Engine\Content\Internationalization\icudt53l\curr\supplementalData.res" 404
"..\..\..\Engine\Content\Internationalization\icudt53l\curr\pool.res" 405
"..\..\..\Engine\Content\Internationalization\icudt53l\curr\en.res" 406
"..\..\..\Engine\Content\Internationalization\icudt53l\curr\root.res" 407
"../../../Engine/Content/EngineMeshes/Sphere.uasset" 408
"../../../Engine/Content/EngineFonts/RobotoDistanceField.uasset" 409
"../../../Engine/Content/EngineMaterials/DefaultTextMaterialOpaque.uasset" 410
"../../../Engine/Content/EditorResources/S_Trigger.uasset" 411
"../../../Engine/Content/EngineResources/GradientTexture0.uasset" 412
"../../../Engine/Content/EngineResources/Black.uasset" 413
"../../../Engine/Content/EditorMaterials/MatineeGroups/MAT_Groups_Float.uasset" 414
"../../../Engine/Content/EditorMaterials/MatineeGroups/MAT_Groups_Director.uasset" 415
"../../../Engine/Content/EditorMaterials/MatineeGroups/MAT_Groups_Event.uasset" 416
"../../../Engine/Content/EditorMaterials/MatineeGroups/MAT_Groups_Anim.uasset" 417
"../../../Engine/Content/EditorMaterials/MatineeGroups/MAT_Groups_Fade.uasset" 418
"../../../Engine/Content/EditorMaterials/MatineeGroups/MAT_Groups_Move.uasset" 419
"../../../Engine/Content/EditorMaterials/MatineeGroups/MAT_Groups_Slomo.uasset" 420
"../../../Engine/Content/EditorMaterials/MatineeGroups/MAT_ColorTrack.uasset" 421
"../../../Engine/Content/EditorMaterials/MAT_Groups_Toggle.uasset" 422
"../../../Engine/Content/EditorMaterials/MatineeGroups/MAT_Groups_AudioMaster.uasset" 423
"../../../Engine/Content/EditorMaterials/MatineeGroups/MAT_Groups_Sound.uasset" 424
"../../../Engine/Content/EditorMaterials/MatineeGroups/MAT_Groups_Vector.uasset" 425
"../../../Engine/Content/EditorMaterials/MAT_Groups_Visibility.uasset" 426
"../../../Engine/Content/EngineResources/DefaultTextureCube.uasset" 427
"../../../Engine/Content/EngineSounds/Master.uasset" 428
"../../../Engine/Content/EngineSounds/Music.uasset" 429
"../../../Engine/Content/EngineSounds/SFX.uasset" 430
"../../../Engine/Content/EngineSounds/Normal_Attack.uasset" 431
"../../../Engine/Content/EngineSounds/Special_Attack_PSM.uasset" 432
"../../../Engine/Content/EngineSounds/Duck_Normal_Attack_MixMod.uasset" 433
"../../../Engine/Content/EngineSounds/Voice.uasset" 434
"../../../Engine/Content/EngineMeshes/Cylinder.uasset" 435
"../../../Engine/Content/EngineMaterials/DefaultMaterial.uasset" 436
"../../../Engine/Content/EngineTireTypes/DefaultTireType.uasset" 437
"../../../Engine/Content/Editor/Slate/Fonts/FontAwesome.ttf" 438
"../../../Engine/Content/Editor/Slate/Fonts/DroidSansMono.ttf" 439
"../../../Engine/Content/Editor/Slate/Fonts/Roboto-BoldCondensed.ttf" 440
"../../../Engine/Content/Editor/Slate/Fonts/Roboto-Black.ttf" 441
"../../../Engine/Content/Editor/Slate/Fonts/Roboto-Italic.ttf" 442
"../../../Engine/Content/Editor/Slate/Fonts/Roboto-BoldCondensedItalic.ttf" 443
"..\..\..\Engine\Content\Internationalization\icudt53l\coll\ucadata.icu" 444
"..\..\..\Engine\Content\Internationalization\icudt53l\nfc.nrm" 445
"..\..\..\Engine\Content\Internationalization\icudt53l\coll\en.res" 446
"..\..\..\Engine\Content\Internationalization\icudt53l\coll\root.res" 447
"../../../Engine/Content/EngineResources/AICON-Red.uasset" 448
"../../../Engine/Content/EngineResources/AICON-Green.uasset" 449
"../../../Engine/Content/Tutorial/Basics/LevelEditorAttract.uasset" 450
"../../../Engine/Content/Tutorial/Basics/LevelEditorOverview.uasset" 451
"../../../Engine/Content/Tutorial/Basics/TutorialAssets/icon_tab_Levels_40x.uasset" 452
"../../../Engine/Content/Tutorial/ContentIntroCurve.uasset" 453
"../../../Engine/Plugins/2D/Paper2D/Content/MaskedUnlitSpriteMaterial.uasset" 454
"../../../Engine/Plugins/2D/Paper2D/Content/DefaultSpriteMaterial.uasset" 455
"../../../Engine/Plugins/2D/Paper2D/Content/DummySpriteTexture.uasset" 456
"../../../Engine/Plugins/2D/Paper2D/Content/PlaceholderTextures/DummySpriteTexture.uasset" 457
"../../../Engine/Plugins/2D/Paper2D/Content/OpaqueUnlitSpriteMaterial.uasset" 458
"../../../Engine/Plugins/2D/Paper2D/Content/DefaultPaperTerrainMaterial.uasset" 459
"../../../Engine/Plugins/2D/Paper2D/Content/DummySprite.uasset" 460
"../../../../../../../UnrealProject/UE4GitTest/Content/StarterContent/Shapes/Shape_Sphere.uasset" 461
"../../../../../../../UnrealProject/UE4GitTest/Content/StarterContent/Materials/M_Basic_Wall.uasset" 462
"../../../../../../../UnrealProject/UE4GitTest/Content/StarterContent/Particles/P_Fire.uasset" 463
"../../../../../../../UnrealProject/UE4GitTest/Content/StarterContent/Particles/Materials/M_Fire_SubUV.uasset" 464
"../../../../../../../UnrealProject/UE4GitTest/Content/StarterContent/Textures/T_Fire_SubUV.uasset" 465
"../../../../../../../UnrealProject/UE4GitTest/Content/StarterContent/Textures/T_Fire_Tiled_D.uasset" 466
"../../../../../../../UnrealProject/UE4GitTest/Content/StarterContent/Particles/Materials/M_Heat_Distortion.uasset" 467
"../../../../../../../UnrealProject/UE4GitTest/Content/StarterContent/Textures/T_Water_N.uasset" 468
"../../../../../../../UnrealProject/UE4GitTest/Content/StarterContent/Particles/Materials/M_Radial_Gradient.uasset" 469
"../../../Engine/Content/Functions/Engine_MaterialFunctions01/Gradient/RadialGradient.uasset" 470
"../../../../../../../UnrealProject/UE4GitTest/Content/StarterContent/Particles/Materials/M_smoke_subUV.uasset" 471
"../../../../../../../UnrealProject/UE4GitTest/Content/StarterContent/Textures/T_Smoke_SubUV.uasset" 472
"../../../../../../../UnrealProject/UE4GitTest/Content/StarterContent/Textures/T_Smoke_Tiled_D.uasset" 473
"../../../../../../../UnrealProject/UE4GitTest/Content/ThirdPersonCPP/Blueprints/ThirdPersonCharacter.uasset" 474
"../../../../../../../UnrealProject/UE4GitTest/Content/Mannequin/Animations/ThirdPerson_AnimBP.uasset" 475
"../../../../../../../UnrealProject/UE4GitTest/Content/Mannequin/Animations/ThirdPerson_Jump.uasset" 476
"../../../../../../../UnrealProject/UE4GitTest/Content/Mannequin/Character/Mesh/UE4_Mannequin_Skeleton.uasset" 477
"../../../../../../../UnrealProject/UE4GitTest/Content/Mannequin/Animations/ThirdPersonJump_Loop.uasset" 478
"../../../../../../../UnrealProject/UE4GitTest/Content/Mannequin/Animations/ThirdPersonJump_Start.uasset" 479
"../../../../../../../UnrealProject/UE4GitTest/Content/Mannequin/Animations/ThirdPerson_IdleRun_2D.uasset" 480
"../../../../../../../UnrealProject/UE4GitTest/Content/Mannequin/Animations/ThirdPersonIdle.uasset" 481
"../../../../../../../UnrealProject/UE4GitTest/Content/Mannequin/Animations/ThirdPersonRun.uasset" 482
"../../../../../../../UnrealProject/UE4GitTest/Content/Mannequin/Animations/ThirdPersonWalk.uasset" 483
"../../../Engine/Content/EditorBlueprintResources/StandardMacros.uasset" 484
"../../../../../../../UnrealProject/UE4GitTest/Content/Mannequin/Character/Mesh/SK_Mannequin.uasset" 485
"../../../../../../../UnrealProject/UE4GitTest/Content/Mannequin/Character/Materials/M_UE4Man_Body.uasset" 486
"../../../Engine/Content/Functions/Engine_MaterialFunctions02/Utility/BlendAngleCorrectedNormals.uasset" 487
"../../../Engine/Content/Functions/MaterialLayerFunctions/MatLayerBlend_NormalBlend.uasset" 488
"../../../Engine/Content/Functions/MaterialLayerFunctions/MatLayerBlend_Simple.uasset" 489
"../../../../../../../UnrealProject/UE4GitTest/Content/Mannequin/Character/Materials/MaterialLayers/ML_GlossyBlack_Latex_UE4.uasset" 490
"../../../../../../../UnrealProject/UE4GitTest/Content/Mannequin/Character/Materials/MaterialLayers/T_ML_Rubber_Blue_01_D.uasset" 491
"../../../../../../../UnrealProject/UE4GitTest/Content/Mannequin/Character/Materials/MaterialLayers/T_ML_Rubber_Blue_01_N.uasset" 492
"../../../../../../../UnrealProject/UE4GitTest/Content/Mannequin/Character/Materials/MaterialLayers/ML_Plastic_Shiny_Beige.uasset" 493
"../../../../../../../UnrealProject/UE4GitTest/Content/Mannequin/Character/Materials/MaterialLayers/ML_Plastic_Shiny_Beige_LOGO.uasset" 494
"../../../../../../../UnrealProject/UE4GitTest/Content/Mannequin/Character/Textures/UE4_LOGO_CARD.uasset" 495
"../../../../../../../UnrealProject/UE4GitTest/Content/Mannequin/Character/Materials/MaterialLayers/ML_SoftMetal_UE4.uasset" 496
"../../../../../../../UnrealProject/UE4GitTest/Content/Mannequin/Character/Materials/MaterialLayers/T_ML_Aluminum01.uasset" 497
"../../../../../../../UnrealProject/UE4GitTest/Content/Mannequin/Character/Materials/MaterialLayers/T_ML_Aluminum01_N.uasset" 498
"../../../../../../../UnrealProject/UE4GitTest/Content/Mannequin/Character/Textures/UE4_Mannequin__normals.uasset" 499
"../../../../../../../UnrealProject/UE4GitTest/Content/Mannequin/Character/Textures/UE4_Mannequin_MAT_MASKA.uasset" 500
"../../../../../../../UnrealProject/UE4GitTest/Content/Mannequin/Character/Materials/M_UE4Man_ChestLogo.uasset" 501
"../../../../../../../UnrealProject/UE4GitTest/Content/Mannequin/Character/Textures/UE4Man_Logo_N.uasset" 502
"C:/Users/???/AppData/Local/UnrealEngine/4.9/Saved/Config/Windows/SourceControlSettings.ini" 503
"../../../../../../../UnrealProject/UE4GitTest/Intermediate/Config/CoalescedSourceConfigs/SourceControlSettings.ini" 504
"I:/UnrealProject/UE4GitTest/Saved/Config/Windows/SourceControlSettings.ini" 505
"../../../Engine/Plugins/Experimental/CodeEditor/Resources/Font/DroidSansMono.ttf" 506
"I:/UnrealProject/UE4GitTest/Saved/Config/Windows/InternationalizationExport.ini" 507
"../../../../../../../UnrealProject/UE4GitTest/Intermediate/Config/CoalescedSourceConfigs/InternationalizationExport.ini" 508
"I:/UnrealProject/UE4GitTest/Saved/Config/Windows/TranslationPickerSettings.ini" 509
"../../../../../../../UnrealProject/UE4GitTest/Intermediate/Config/CoalescedSourceConfigs/TranslationPickerSettings.ini" 510
"../../../Engine/Content/EditorSounds/Notifications/CompileStart_Cue.uasset" 511
"../../../Engine/Content/EditorSounds/Notifications/CompileSuccess.uasset" 512
"../../../Engine/Content/EditorSounds/Notifications/CompileSuccess_Cue.uasset" 513
"../../../Engine/Content/EditorSounds/Notifications/CompileFailed_Cue.uasset" 514
"../../../Engine/Content/EditorSounds/Notifications/CompileFailed.uasset" 515
"../../../Engine/Plugins/Runtime/LeapMotionController/Content/LM_CapsuleMesh.uasset" 516
"../../../Engine/Plugins/Runtime/LeapMotionController/Content/LM_TorusMesh.uasset" 517
"../../../Engine/Plugins/Runtime/LeapMotionController/Content/LM_HandColor.uasset" 518
"../../../Engine/Plugins/Runtime/LeapMotionController/Content/LM_PassthroughMaterial.uasset" 519
"../../../Engine/Plugins/Runtime/LeapMotionController/Content/LM_SampleDistortion.uasset" 520
"../../../Engine/Plugins/Runtime/LeapMotionController/Content/LM_TestTexture.uasset" 521
"../../../Engine/Content/BasicShapes/Cube.uasset" 522
"../../../../../../../UnrealProject/UE4GitTest/Intermediate/Config/CoalescedSourceConfigs/EditorUserSettings.ini" 523
"../../../Engine/Content/EngineMaterials/RemoveSurfaceMaterial.uasset" 524
"../../../Engine/Content/EngineDebugMaterials/DebugMeshMaterial.uasset" 525
"../../../Engine/Content/EngineMaterials/M_InvalidLightmapSettings.uasset" 526
"../../../Engine/Content/EngineMaterials/InvalidLightmapSettings.uasset" 527
"../../../Engine/Content/EditorMaterials/GizmoMaterial.uasset" 528
"../../../Engine/Content/EngineMaterials/Good64x64TilingNoiseHighFreq.uasset" 529
"../../../Engine/Content/EngineMaterials/DefaultBokeh.uasset" 530
"../../../Engine/Content/EngineMaterials/PreintegratedSkinBRDF.uasset" 531
"../../../Engine/Content/EngineMaterials/MiniFont.uasset" 532
"../../../Engine/Content/EngineMaterials/WeightMapPlaceholderTexture.uasset" 533
"../../../Engine/Content/EngineMaterials/DefaultWhiteGrid.uasset" 534
"../../../Engine/Content/EngineMaterials/DefaultPhysicalMaterial.uasset" 535
"../../../Engine/Content/EngineFonts/RobotoTiny.uasset" 536
"../../../../../../../UnrealProject/UE4GitTest/Intermediate/CachedAssetRegistry.bin" 537
"../../../../../../../UnrealProject/UE4GitTest/Saved/Autosaves/Game/test2_Auto2.umap" 538
"../../../../../../../UnrealProject/UE4GitTest/Saved/Autosaves/Game/test3_Auto1.umap" 539
"../../../../../../../UnrealProject/UE4GitTest/Saved/Autosaves/Game/ThirdPersonCPP/Maps/ThirdPersonExampleMap_Auto1.umap" 540
"../../../../../../../UnrealProject/UE4GitTest/Saved/Autosaves/Temp/Untitled_1_Auto1.umap" 541
"../../../Engine/Config/HTML5/HTML5Engine.ini" 542
"../../../Engine/Content/MobileResources/HUD/VirtualJoystick_Thumb.uasset" 543
"../../../Engine/Content/EditorResources/BSPVertex.uasset" 544
"../../../Engine/Content/EngineDebugMaterials/WireframeMaterial.uasset" 545
"../../../Engine/Content/EngineDebugMaterials/GeomMaterial.uasset" 546
"../../../Engine/Content/EngineDebugMaterials/LevelColorationLitMaterial.uasset" 547
"../../../Engine/Content/EngineDebugMaterials/LevelColorationUnlitMaterial.uasset" 548
"../../../Engine/Content/EngineDebugMaterials/MAT_LevelColorationLitLightmapUV.uasset" 549
"../../../Engine/Content/EngineDebugMaterials/ShadedLevelColorationLitMaterial.uasset" 550
"../../../Engine/Content/EngineDebugMaterials/ShadedLevelColorationUnlitMateri.uasset" 551
"../../../Engine/Content/EngineDebugMaterials/VertexColorMaterial.uasset" 552
"../../../Engine/Content/EngineDebugMaterials/VertexColorViewMode_ColorOnly.uasset" 553
"../../../Engine/Content/EngineDebugMaterials/VertexColorViewMode_AlphaAsColor.uasset" 554
"../../../Engine/Content/EngineDebugMaterials/VertexColorViewMode_RedOnly.uasset" 555
"../../../Engine/Content/EngineDebugMaterials/VertexColorViewMode_GreenOnly.uasset" 556
"../../../Engine/Content/EngineDebugMaterials/VertexColorViewMode_BlueOnly.uasset" 557
"../../../Engine/Content/EngineDebugMaterials/BoneWeightMaterial.uasset" 558
"../../../Engine/Content/EngineDebugMaterials/HeatmapGradient.uasset" 559
"../../../Engine/Content/EditorMaterials/PhAT_JointLimitMaterial.uasset" 560
"../../../Engine/Content/EditorMaterials/PreviewShadowIndicatorMaterial.uasset" 561
"../../../Engine/Content/EditorMaterials/PreviewShadowIndicator.uasset" 562
"../../../Engine/Content/EngineMaterials/EditorBrushMaterial.uasset" 563
"../../../Engine/Content/EditorMeshes/ColorCalibrator/SM_ColorCalibrator.uasset" 564
"../../../Engine/Content/EditorMeshes/ColorCalibrator/M_ChromeBall.uasset" 565
"../../../Engine/Content/EditorMeshes/ColorCalibrator/M_ClearCoat.uasset" 566
"../../../Engine/Content/EditorMeshes/ColorCalibrator/M_ClearCoatBlack.uasset" 567
"../../../Engine/Content/EditorMeshes/ColorCalibrator/M_ColorGrid.uasset" 568
"../../../Engine/Content/EditorMeshes/ColorCalibrator/T_ColorGrid.uasset" 569
"../../../Engine/Content/EditorMeshes/ColorCalibrator/M_GreyBall.uasset" 570
"../../../Engine/Content/MobileResources/HUD/DefaultVirtualJoysticks.uasset" 571
"../../../Engine/Content/MobileResources/HUD/VirtualJoystick_Background.uasset" 572
"../../../Engine/Content/Tutorial/BlueprintTutorials/TutorialAssets/Blueprint_64x.uasset" 573
"../../../Engine/Content/Tutorial/SubEditors/TutorialAssets/icon_Editor_Preferences_General_40x.uasset" 574
"../../../Engine/Content/Tutorial/Paper2D/TutorialAssets/Paper2DSprite_TutorialIcon.uasset" 575
"../../../Engine/Content/Tutorial/SubEditors/TutorialAssets/icon_ShowSkeletalMeshes_40x.uasset" 576
"../../../Engine/Content/Tutorial/Landscape/TutorialAssets/Landscape.uasset" 577
"../../../Engine/Content/Tutorial/Foliage/TutorialAssets/Foliage.uasset" 578
"../../../Engine/Content/Tutorial/SubEditors/StaticMeshEditorTutorial.uasset" 579
"../../../Engine/Content/EngineMeshes/Cube.uasset" 580
"../../../Engine/Content/Tutorial/BlueprintTutorials/BlueprintEditorTutorial.uasset" 581
"../../../Engine/Content/Tutorial/BlueprintTutorials/BlueprintMacroLibrariesEditorOverview.uasset" 582
"../../../Engine/Content/Tutorial/BlueprintTutorials/TutorialAssets/BlueprintMacroLibrary_64x.uasset" 583
"../../../Engine/Content/Tutorial/BlueprintTutorials/TutorialAssets/Tutorial_BP_MacroLib.uasset" 584
"../../../Engine/Content/Tutorial/BlueprintTutorials/BlueprintInterfacesEditorOverview.uasset" 585
"../../../Engine/Content/Tutorial/BlueprintTutorials/TutorialAssets/BlueprintInterface_64x.uasset" 586
"../../../Engine/Content/Tutorial/BlueprintTutorials/TutorialAssets/Tutorial_BP_Interface.uasset" 587
"../../../Engine/Content/Tutorial/BlueprintTutorials/LevelBlueprintEditorOverview.uasset" 588
"../../../Engine/Content/Tutorial/SubEditors/DestructibleMeshEditorTutorial.uasset" 589
"../../../Engine/Content/Tutorial/SubEditors/TutorialAssets/Tutorial_DM.uasset" 590
"../../../Engine/Content/EditorMeshes/EditorCube.uasset" 591
"../../../Engine/Content/Tutorial/SubEditors/MaterialEditorTutorial.uasset" 592
"../../../Engine/Content/Tutorial/SubEditors/TutorialAssets/TutorialMaterial.uasset" 593
"../../../Engine/Content/Tutorial/SubEditors/ParticleSystemEditorTutorial.uasset" 594
"../../../Engine/Content/Tutorial/SubEditors/TutorialAssets/TutorialParticleSystem.uasset" 595
"../../../Engine/Content/Tutorial/SubEditors/TutorialAssets/M_smoke_subUV_blackbody.uasset" 596
"../../../Engine/Content/Tutorial/SubEditors/TutorialAssets/T_SmokeSubUV_8X8.uasset" 597
"../../../Engine/Content/Tutorial/SubEditors/TutorialAssets/T_soft_smoke.uasset" 598
"../../../Engine/Content/Tutorial/SubEditors/PersonaAnimEditorTutorial.uasset" 599
"../../../Engine/Content/Tutorial/SubEditors/PersonaAnimEditorWalkthrough.uasset" 600
"../../../Engine/Content/Tutorial/SubEditors/TutorialAssets/Character/NewBlendSpace1D.uasset" 601
"../../../Engine/Content/Tutorial/SubEditors/TutorialAssets/Character/Tutorial_Idle.uasset" 602
"../../../Engine/Content/Tutorial/SubEditors/TutorialAssets/Character/TutorialTPP_Skeleton.uasset" 603
"../../../Engine/Content/Tutorial/SubEditors/TutorialAssets/Character/Tutorial_Walk_Fwd.uasset" 604
"../../../Engine/Content/Tutorial/SubEditors/TutorialAssets/Character/TutorialTPP.uasset" 605
"../../../Engine/Content/Tutorial/SubEditors/TutorialAssets/Character/TutorialTPP_Mat.uasset" 606
"../../../Engine/Content/Tutorial/SubEditors/TutorialAssets/Character/TutorialTPP_PhysicsAsset.uasset" 607
"../../../Engine/Content/Tutorial/SubEditors/PersonaAnimBlueprintEditorWalkthrough.uasset" 608
"../../../Engine/Content/Tutorial/SubEditors/TutorialAssets/Character/TutorialTPP_AnimBlueprint.uasset" 609
"../../../Engine/Content/Tutorial/SubEditors/TutorialAssets/Character/TutorialCharacter.uasset" 610
"../../../Engine/Content/Tutorial/Paper2D/SpriteEditorTutorial.uasset" 611
"../../../Engine/Content/Tutorial/Paper2D/FlipbookEditorTutorial.uasset" 612
"../../../Engine/Content/Tutorial/Paper2D/TutorialAssets/Paper2DFlipbook_TutorialIcon.uasset" 613
"../../../Engine/Content/Tutorial/Landscape/Landscape_Manage_Mode.uasset" 614
"../../../Engine/Content/Tutorial/Landscape/Landscape_Sculpt_Mode.uasset" 615
"../../../Engine/Content/Tutorial/Landscape/Landscape_Painting_Mode.uasset" 616
"../../../Engine/Content/Tutorial/Foliage/Foliage_Intro_Tutorial.uasset" 617
"../../../Engine/Content/Tutorial/Foliage/Foliage_Using_The_Tool_Tutorial.uasset" 618
"../../../Engine/Content/Tutorial/Foliage/Foliage_Settings_Tutorial.uasset" 619
"C:/Users/???/AppData/Local/UnrealEngine/Common/DerivedDataCache/7/0/1/TEXTURE_814DCC3DC72143F49509781513CB9855_DXT5_550B17DD4E4B41095ADB0B9395D1461E__3D5E4AC77D1E36486C425B4C41C35E9BD65819EF.udd" 620
"../../../Engine/Content/MobileResources/HUD/T_Castle_ThumbstickOutter.uasset" 621
"../../../Engine/Content/MobileResources/HUD/LeftVirtualJoystickOnly.uasset" 622
"../../../Engine/Content/MobileResources/HUD/AnalogHat.uasset" 623
"../../../Engine/Content/MobileResources/HUD/MobileHUDButtonFire.uasset" 624
"../../../Engine/Content/MobileResources/HUD/MobileHUDButton2_on.uasset" 625
"../../../Engine/Content/MobileResources/HUD/MobileHUDDirectionPad.uasset" 626
"../../../Engine/Content/MobileResources/HUD/MobileHUDDirectionPad3.uasset" 627
"../../../Engine/Content/Maps/Entry.umap" 628
"../../../Engine/Content/EngineMaterials/DefaultNormal.uasset" 629
"../../../../../../../UnrealProject/UE4GitTest/Content/ThirdPersonCPP/Maps/ThirdPersonExampleMap.umap" 630
"../../../Engine/Content/EngineSky/BP_Sky_Sphere.uasset" 631
"../../../Engine/Content/EngineSky/C_Sky_Cloud_Color.uasset" 632
"../../../Engine/Content/EngineSky/C_Sky_Horizon_Color.uasset" 633
"../../../Engine/Content/EngineSky/C_Sky_Zenith_Color.uasset" 634
"../../../Engine/Content/EngineSky/M_Sky_Panning_Clouds2.uasset" 635
"../../../Engine/Content/EngineSky/T_Sky_Blue.uasset" 636
"../../../Engine/Content/EngineSky/T_Sky_Clouds_M.uasset" 637
"../../../Engine/Content/EngineSky/T_Sky_Stars.uasset" 638
"../../../Engine/Content/EngineSky/SM_SkySphere.uasset" 639
"../../../Engine/Content/BasicShapes/BasicShapeMaterial.uasset" 640
"../../../Engine/Content/EngineMaterials/AntiAliasedTextMaterialTranslucent.uasset" 641
"../../../Engine/Content/Functions/Engine_MaterialFunctions03/Procedurals/ComputeFilterWidth.uasset" 642
"../../../../../../../UnrealProject/UE4GitTest/Content/Geometry/Meshes/CubeMaterial.uasset" 643
"../../../Engine/Content/BasicShapes/Sphere.uasset" 644
"../../../../../../../UnrealProject/UE4GitTest/Content/Geometry/Meshes/1M_Cube.uasset" 645
"../../../../../../../UnrealProject/UE4GitTest/Content/Geometry/Meshes/TemplateFloor.uasset" 646
"../../../../../../../UnrealProject/UE4GitTest/Content/ThirdPerson/Meshes/Bump_StaticMesh.uasset" 647
"../../../../../../../UnrealProject/UE4GitTest/Content/ThirdPerson/Meshes/RampMaterial.uasset" 648
"../../../../../../../UnrealProject/UE4GitTest/Content/ThirdPerson/Meshes/LeftArm_StaticMesh.uasset" 649
"../../../../../../../UnrealProject/UE4GitTest/Content/ThirdPerson/Meshes/Linear_Stair_StaticMesh.uasset" 650
"../../../../../../../UnrealProject/UE4GitTest/Content/ThirdPerson/Meshes/Ramp_StaticMesh.uasset" 651
"../../../../../../../UnrealProject/UE4GitTest/Content/ThirdPerson/Meshes/RightArm_StaticMesh.uasset" 652
"C:/Users/???/AppData/Local/UnrealEngine/Common/DerivedDataCache/0/7/5/PHYSX_1D9C17C451EA4FB88CB7A27536A65DB0_PHYSXPC_FDBBB6F04D800CA09DD3D28E01D71FF4__1_0_13123_0.udd" 653
"C:/Users/???/AppData/Local/UnrealEngine/Common/DerivedDataCache/9/4/8/PHYSX_1D9C17C451EA4FB88CB7A27536A65DB0_PHYSXPC_C1404D4149047549068AD0A3C8242D3D__1_0_13123_0.udd" 654
"C:/Users/???/AppData/Local/UnrealEngine/Common/DerivedDataCache/6/2/7/REFL_ENC_96DFC022836B48889143E9DF484C3296_2E14DF3945AB2DEE3E2597841E3FF0AC.udd" 655
"C:/Users/???/AppData/Local/UnrealEngine/Common/DerivedDataCache/6/2/9/TEXTURE_814DCC3DC72143F49509781513CB9855_AUTODXT_F0276359475320C13EFBEDB268B99__277A2D9D14257BE63BC0BB641AE2B7E95E154E68.udd" 656
"C:/Users/???/AppData/Local/UnrealEngine/Common/DerivedDataCache/1/6/3/TEXTURE_814DCC3DC72143F49509781513CB9855_AUTODXT_B6E2CD774BF3EBBC31C5368A88235__450D84CE6D8AB58FD479455CAFF7FA1751EF366F.udd" 657
"C:/Users/???/AppData/Local/UnrealEngine/Common/DerivedDataCache/2/7/0/TEXTURE_814DCC3DC72143F49509781513CB9855_AUTODXT_B6E2CD774BF3EBBC31C5368A88235__E08E73980C23FD52BA6876A9FC24062D103243D4.udd" 658
"C:/Users/???/AppData/Local/UnrealEngine/Common/DerivedDataCache/7/0/3/TEXTURE_814DCC3DC72143F49509781513CB9855_AUTODXT_B6E2CD774BF3EBBC31C5368A88235__9D0A530C77A38CC02EBBECB6A2D1F6766316E673.udd" 659
"C:/Users/???/AppData/Local/UnrealEngine/Common/DerivedDataCache/1/0/5/TEXTURE_814DCC3DC72143F49509781513CB9855_AUTODXT_B6E2CD774BF3EBBC31C5368A88235__756A09B285A8D13885FBCA115725A23150C60389.udd" 660
"C:/Users/???/AppData/Local/UnrealEngine/Common/DerivedDataCache/1/5/1/TEXTURE_814DCC3DC72143F49509781513CB9855_AUTODXT_5DC8CE9349B6857F4500438657EAA__41ABC9674C6CA0CEDCD2D6B440D3F6B7B2987E2E.udd" 661
"C:/Users/???/AppData/Local/UnrealEngine/Common/DerivedDataCache/9/6/6/TEXTURE_814DCC3DC72143F49509781513CB9855_AUTODXT_5DC8CE9349B6857F4500438657EAA__926E816703F20347AAC2CF011B4F103897D1BF31.udd" 662
"C:/Users/???/AppData/Local/UnrealEngine/Common/DerivedDataCache/2/3/0/TEXTURE_814DCC3DC72143F49509781513CB9855_AUTODXT_4691407E469961F748204F9BE2CE0__CACEF9999ED3BB68E116EBD1B7BC94CC0B56F3C1.udd" 663
"C:/Users/???/AppData/Local/UnrealEngine/Common/DerivedDataCache/3/2/2/TEXTURE_814DCC3DC72143F49509781513CB9855_AUTODXT_B6E2CD774BF3EBBC31C5368A88235__CDC3565E1FB37980B8849933F51E9D189E0CBA65.udd" 664
"C:/Users/???/AppData/Local/UnrealEngine/Common/DerivedDataCache/5/8/9/TEXTURE_814DCC3DC72143F49509781513CB9855_AUTODXT_E755BE2D467288F01C6AA4898A19F__21A4ECE22106D9DF3D398B34099B1DD89A14604E.udd" 665
"C:/Users/???/AppData/Local/UnrealEngine/Common/DerivedDataCache/1/9/1/TEXTURE_814DCC3DC72143F49509781513CB9855_AUTODXT_5DC8CE9349B6857F4500438657EAA__DFFA7BF646850AEE3FFE9C0A6E0339BE412AE729.udd" 666
"C:/Users/???/AppData/Local/UnrealEngine/Common/DerivedDataCache/1/0/6/TEXTURE_814DCC3DC72143F49509781513CB9855_AUTODXT_2D0E63D545F43A30254EA994F9DB7__5CC6A06AEACAFF2DF0D40267C8B916899AC293C5.udd" 667
"C:/Users/???/AppData/Local/UnrealEngine/Common/DerivedDataCache/7/5/0/TEXTURE_814DCC3DC72143F49509781513CB9855_AUTODXT_E755BE2D467288F01C6AA4898A19F__A6B96313109CF010F6542ED2043D2E0A73E0AC85.udd" 668
"C:/Users/???/AppData/Local/UnrealEngine/Common/DerivedDataCache/1/7/7/TEXTURE_814DCC3DC72143F49509781513CB9855_DXT1_AB2744644C616E1BEB06429EDF7A03D0__6A557EC1E92E77C93F6FDFC5792821BBB4F7BE09.udd" 669
"C:/Users/???/AppData/Local/UnrealEngine/Common/DerivedDataCache/9/1/6/TEXTURE_814DCC3DC72143F49509781513CB9855_AUTODXT_2D0E63D545F43A30254EA994F9DB7__86ADA8821F3799D979E48B2E467174D098C1FE79.udd" 670
"C:/Users/???/AppData/Local/UnrealEngine/Common/DerivedDataCache/8/1/0/TEXTURE_814DCC3DC72143F49509781513CB9855_AUTODXT_5DC8CE9349B6857F4500438657EAA__EF8C885939F0C9F2E29BEC3A2B82ABC12B0D897B.udd" 671
"C:/Users/???/AppData/Local/UnrealEngine/Common/DerivedDataCache/1/6/9/TEXTURE_814DCC3DC72143F49509781513CB9855_DXT1_3F840105422885DE4CBB49ADA4D808C0__DB3A2EE71873CD94236E2234D5D7A87F68482116.udd" 672
"C:/Users/???/AppData/Local/UnrealEngine/Common/DerivedDataCache/2/9/8/TEXTURE_814DCC3DC72143F49509781513CB9855_DXT1_3B3866AC47F8EC60AE2E7B8AB580E5FE__76EAAC7F7AFA0E7595C40AA09D832E166DBF859C.udd" 673
"C:/Users/???/AppData/Local/UnrealEngine/Common/DerivedDataCache/1/7/9/TEXTURE_814DCC3DC72143F49509781513CB9855_AUTODXT_E755BE2D467288F01C6AA4898A19F__5CA15180929E2B0495A6C4B6D56C66DFD08F58C6.udd" 674
"C:/Users/???/AppData/Local/UnrealEngine/Common/DerivedDataCache/5/8/2/TEXTURE_814DCC3DC72143F49509781513CB9855_AUTODXT_2D0E63D545F43A30254EA994F9DB7__B622AD17E7D58457BA73418BAE7991BE9AFCD2AE.udd" 675
"C:/Users/???/AppData/Local/UnrealEngine/Common/DerivedDataCache/8/7/8/TEXTURE_814DCC3DC72143F49509781513CB9855_AUTODXT_E755BE2D467288F01C6AA4898A19F__8917D381187E3BA123847D5FC10B24A7F4E4EF8E.udd" 676
"C:/Users/???/AppData/Local/UnrealEngine/Common/DerivedDataCache/0/9/2/TEXTURE_814DCC3DC72143F49509781513CB9855_AUTODXT_2D0E63D545F43A30254EA994F9DB7__FCA35953734AB322819003CDB894E0B4DA592AB4.udd" 677
"C:/Users/???/AppData/Local/UnrealEngine/Common/DerivedDataCache/7/0/9/TEXTURE_814DCC3DC72143F49509781513CB9855_DXT1_862783D34F6FCFAC34F87DB33E3E14EA__DD5F12BD75156FAD8DC8ADB4210DB8DFAC3826EE.udd" 678
"C:/Users/???/AppData/Local/UnrealEngine/Common/DerivedDataCache/5/2/4/TEXTURE_814DCC3DC72143F49509781513CB9855_DXT1_FAAE3F734BF7C5B835DF4CACA7A159A2__10D02E37BE1EF2358B490FC31D7E387C46E6E160.udd" 679
"C:/Users/???/AppData/Local/UnrealEngine/Common/DerivedDataCache/4/0/9/TEXTURE_814DCC3DC72143F49509781513CB9855_AUTODXT_4691407E469961F748204F9BE2CE0__93285BC20B0CFEF3CE163694873765F1450E08F1.udd" 680
"C:/Users/???/AppData/Local/UnrealEngine/Common/DerivedDataCache/3/8/2/TEXTURE_814DCC3DC72143F49509781513CB9855_AUTODXT_4691407E469961F748204F9BE2CE0__E313FF121525AB368A117BBEF58775CE4584AD1F.udd" 681
"C:/Users/???/AppData/Local/UnrealEngine/Common/DerivedDataCache/8/5/6/TEXTURE_814DCC3DC72143F49509781513CB9855_AUTODXT_4691407E469961F748204F9BE2CE0__D1CDD76A475386F3EE3043D1A27D4F7F61F682B9.udd" 682
"C:/Users/???/AppData/Local/UnrealEngine/Common/DerivedDataCache/2/1/1/TEXTURE_814DCC3DC72143F49509781513CB9855_DXT1_3B3866AC47F8EC60AE2E7B8AB580E5FE__4165A0C4EF28A9F7B5A8668C3FE8B65E47B2CE62.udd" 683
"C:/Users/???/AppData/Local/UnrealEngine/Common/DerivedDataCache/2/7/6/TEXTURE_814DCC3DC72143F49509781513CB9855_AUTODXT_4691407E469961F748204F9BE2CE0__D13669C3B8DB297621C602935ACA7A1FE8ED99E0.udd" 684
"C:/Users/???/AppData/Local/UnrealEngine/Common/DerivedDataCache/8/8/4/TEXTURE_814DCC3DC72143F49509781513CB9855_DXT1_862783D34F6FCFAC34F87DB33E3E14EA__26670988E96603302DB29C63D80AFC15D974DA0D.udd" 685
"C:/Users/???/AppData/Local/UnrealEngine/Common/DerivedDataCache/8/6/8/TEXTURE_814DCC3DC72143F49509781513CB9855_DXT1_0411332A4BEA27AC050BE4A8C5286AEC__6CD040325F3772644D1E570042B8FE9DFF2EFAD1.udd" 686
"C:/Users/???/AppData/Local/UnrealEngine/Common/DerivedDataCache/9/8/6/TEXTURE_814DCC3DC72143F49509781513CB9855_DXT1_3F840105422885DE4CBB49ADA4D808C0__1AE5C9FC99532D67B60A3FEDB8CF2F58F8D29529.udd" 687
"C:/Users/???/AppData/Local/UnrealEngine/Common/DerivedDataCache/2/1/1/TEXTURE_814DCC3DC72143F49509781513CB9855_DXT1_FAAE3F734BF7C5B835DF4CACA7A159A2__395A7AE549DDE80B33E1BAC5F8854914B70C8B83.udd" 688
"C:/Users/???/AppData/Local/UnrealEngine/Common/DerivedDataCache/4/2/5/TEXTURE_814DCC3DC72143F49509781513CB9855_DXT1_0411332A4BEA27AC050BE4A8C5286AEC__E96222BBA5A206B6048B3F9B72C37FFE07235E48.udd" 689
"C:/Users/???/AppData/Local/UnrealEngine/Common/DerivedDataCache/1/3/6/TEXTURE_814DCC3DC72143F49509781513CB9855_DXT1_862783D34F6FCFAC34F87DB33E3E14EA__4C0B1F06B822BFF6ACD375F80561BF387F2971AC.udd" 690
"C:/Users/???/AppData/Local/UnrealEngine/Common/DerivedDataCache/7/7/9/TEXTURE_814DCC3DC72143F49509781513CB9855_DXT1_3B3866AC47F8EC60AE2E7B8AB580E5FE__847D30A28FC05B06372F3D6539A19FD780BA7237.udd" 691
"C:/Users/???/AppData/Local/UnrealEngine/Common/DerivedDataCache/4/2/7/TEXTURE_814DCC3DC72143F49509781513CB9855_DXT1_FAAE3F734BF7C5B835DF4CACA7A159A2__7CF7D3D93010703C1843E5390FAF2483F9003B8F.udd" 692
"C:/Users/???/AppData/Local/UnrealEngine/Common/DerivedDataCache/9/6/8/TEXTURE_814DCC3DC72143F49509781513CB9855_DXT1_3F840105422885DE4CBB49ADA4D808C0__265FAB965E4032FD8ACFB977893CFFE10053FB08.udd" 693
"C:/Users/???/AppData/Local/UnrealEngine/Common/DerivedDataCache/0/3/7/TEXTURE_814DCC3DC72143F49509781513CB9855_DXT1_0411332A4BEA27AC050BE4A8C5286AEC__318488A95EF0094FBC221A8BB515961031DBF5FF.udd" 694
"C:/Users/???/AppData/Local/UnrealEngine/Common/DerivedDataCache/8/0/4/TEXTURE_814DCC3DC72143F49509781513CB9855_DXT1_862783D34F6FCFAC34F87DB33E3E14EA__6A62731E75155B39E808EA60AAAFF9C97C29B341.udd" 695
"C:/Users/???/AppData/Local/UnrealEngine/Common/DerivedDataCache/5/7/5/TEXTURE_814DCC3DC72143F49509781513CB9855_G8_308E77E542A69DB19D42718C163B7A82_0__1A6F4FA80A251FCE05607DA55F6B9D9021DF7D7E.udd" 696
"C:/Users/???/AppData/Local/UnrealEngine/Common/DerivedDataCache/1/2/1/TEXTURE_814DCC3DC72143F49509781513CB9855_DXT1_FAAE3F734BF7C5B835DF4CACA7A159A2__313AA57F072627D47C9F166C4AFBF7CBFB9A9732.udd" 697
"C:/Users/???/AppData/Local/UnrealEngine/Common/DerivedDataCache/8/9/6/TEXTURE_814DCC3DC72143F49509781513CB9855_DXT1_3F840105422885DE4CBB49ADA4D808C0__CD4EC37895EDAAF1004B4EDAFF0A6F4A61DB9124.udd" 698
"C:/Users/???/AppData/Local/UnrealEngine/Common/DerivedDataCache/2/2/9/TEXTURE_814DCC3DC72143F49509781513CB9855_DXT1_3B3866AC47F8EC60AE2E7B8AB580E5FE__94E6676B80DF9F24FADD536F7A7296285373B011.udd" 699
"C:/Users/???/AppData/Local/UnrealEngine/Common/DerivedDataCache/1/9/9/TEXTURE_814DCC3DC72143F49509781513CB9855_G8_308E77E542A69DB19D42718C163B7A82_0__97A7C85ED4B3781C575623499F57701D6AB8A6E5.udd" 700
"C:/Users/???/AppData/Local/UnrealEngine/Common/DerivedDataCache/0/2/4/TEXTURE_814DCC3DC72143F49509781513CB9855_G8_6456F62841A48576D2E2669D4F5FAA2B_0__56849E4DA3D7804A4AC86FFA3AA1FC4144C5417C.udd" 701
"C:/Users/???/AppData/Local/UnrealEngine/Common/DerivedDataCache/7/3/9/TEXTURE_814DCC3DC72143F49509781513CB9855_G8_308E77E542A69DB19D42718C163B7A82_0__86474EE5E2E95144D348385AA791F4389C140515.udd" 702
"C:/Users/???/AppData/Local/UnrealEngine/Common/DerivedDataCache/0/8/0/TEXTURE_814DCC3DC72143F49509781513CB9855_G8_B4A403D3433F3FEAE7E038A20F211DDF_0__DF8080E05585D6D7535F845B8DC8557E0471A452.udd" 703
"C:/Users/???/AppData/Local/UnrealEngine/Common/DerivedDataCache/6/8/7/TEXTURE_814DCC3DC72143F49509781513CB9855_G8_308E77E542A69DB19D42718C163B7A82_0__FA9A3E36E954055FC80238321A65AC5D63E517FB.udd" 704
"C:/Users/???/AppData/Local/UnrealEngine/Common/DerivedDataCache/5/1/8/TEXTURE_814DCC3DC72143F49509781513CB9855_G8_B4A403D3433F3FEAE7E038A20F211DDF_0__E3A2DFDC51DC1D27F767D11DFBCE7CD8020A9D77.udd" 705
"C:/Users/???/AppData/Local/UnrealEngine/Common/DerivedDataCache/2/8/3/TEXTURE_814DCC3DC72143F49509781513CB9855_G8_07C1D3EA46E16E542892879CA4A5F2AD_0__EC0EC557FF9ACAC757FF527CF2175EFBBC145977.udd" 706
"C:/Users/???/AppData/Local/UnrealEngine/Common/DerivedDataCache/6/8/4/TEXTURE_814DCC3DC72143F49509781513CB9855_G8_07C1D3EA46E16E542892879CA4A5F2AD_0__3EAF4E811DEDAC46E039BC93C9365C318E9AEAEE.udd" 707
"C:/Users/???/AppData/Local/UnrealEngine/Common/DerivedDataCache/1/1/7/TEXTURE_814DCC3DC72143F49509781513CB9855_G8_B4A403D3433F3FEAE7E038A20F211DDF_0__F5F828D7BEA0D6BF3E104BE370BB1A805EAEB39C.udd" 708
"C:/Users/???/AppData/Local/UnrealEngine/Common/DerivedDataCache/6/2/2/TEXTURE_814DCC3DC72143F49509781513CB9855_G8_07C1D3EA46E16E542892879CA4A5F2AD_0__6ABDAE8FE1267D99205EEC3065ECE2B06E389962.udd" 709
"C:/Users/???/AppData/Local/UnrealEngine/Common/DerivedDataCache/1/6/4/TEXTURE_814DCC3DC72143F49509781513CB9855_G8_B4A403D3433F3FEAE7E038A20F211DDF_0__E33DD1D26DF494780E02E9AD0689FA1B5914AA3B.udd" 710
"C:/Users/???/AppData/Local/UnrealEngine/Common/DerivedDataCache/8/7/8/TEXTURE_814DCC3DC72143F49509781513CB9855_G8_B4A403D3433F3FEAE7E038A20F211DDF_0__4FEC983DC723A447B354C1B3C9AAD26BF77BF429.udd" 711
"C:/Users/???/AppData/Local/UnrealEngine/Common/DerivedDataCache/3/4/9/TEXTURE_814DCC3DC72143F49509781513CB9855_G8_07C1D3EA46E16E542892879CA4A5F2AD_0__D27DCDA9E229BABEC4C284C2DB7430CCBB11A949.udd" 712
"C:/Users/???/AppData/Local/UnrealEngine/Common/DerivedDataCache/5/0/4/TEXTURE_814DCC3DC72143F49509781513CB9855_DXT1_0411332A4BEA27AC050BE4A8C5286AEC__33B3636804523A31D0B7B2DB737801E17576C26D.udd" 713
"C:/Users/???/AppData/Local/UnrealEngine/Common/DerivedDataCache/9/8/4/TEXTURE_814DCC3DC72143F49509781513CB9855_G8_D2313B3C44119D50328D409CBB430545_0__21E684A0A78DD9B78F610E2EC9A96FB6927D0D0E.udd" 714
"C:/Users/???/AppData/Local/UnrealEngine/Common/DerivedDataCache/2/7/0/TEXTURE_814DCC3DC72143F49509781513CB9855_G8_07C1D3EA46E16E542892879CA4A5F2AD_0__73497A13B6C81C3AD865D70452633A36BA1B00A0.udd" 715
"C:/Users/???/AppData/Local/UnrealEngine/Common/DerivedDataCache/1/3/4/TEXTURE_814DCC3DC72143F49509781513CB9855_DXT1_3B3866AC47F8EC60AE2E7B8AB580E5FE__0F63EB639976EB688F7D71FFC13EB945FE230DDC.udd" 716
"C:/Users/???/AppData/Local/UnrealEngine/Common/DerivedDataCache/9/3/2/TEXTURE_814DCC3DC72143F49509781513CB9855_DXT1_3F840105422885DE4CBB49ADA4D808C0__C23863E84189EECA41213CB6DB11C66D8AE5FD8D.udd" 717
"C:/Users/???/AppData/Local/UnrealEngine/Common/DerivedDataCache/6/2/3/TEXTURE_814DCC3DC72143F49509781513CB9855_G8_23B12D8245EC59816F43BB958A31624B_0__C8FBF36732AD4BB6B35D74A3A9FEB7A496AA3C00.udd" 718
"C:/Users/???/AppData/Local/UnrealEngine/Common/DerivedDataCache/5/6/3/TEXTURE_814DCC3DC72143F49509781513CB9855_G8_D2313B3C44119D50328D409CBB430545_0__F11353D2ADBA206EC3D37CE39CB745B71EBC029F.udd" 719
"C:/Users/???/AppData/Local/UnrealEngine/Common/DerivedDataCache/6/7/8/TEXTURE_814DCC3DC72143F49509781513CB9855_AUTODXT_8CCDC40942021B97B9F1A28100EDC__680046ED710DF97B66181D89E0EC458071BA65A3.udd" 720
"C:/Users/???/AppData/Local/UnrealEngine/Common/DerivedDataCache/1/5/3/TEXTURE_814DCC3DC72143F49509781513CB9855_AUTODXT_E0D04EED42E0CCE6DD42FD92313CB__6BF1EEEE21C3A21AC88BBFB9575C72A80C380083.udd" 721
"C:/Users/???/AppData/Local/UnrealEngine/Common/DerivedDataCache/8/6/0/TEXTURE_814DCC3DC72143F49509781513CB9855_G8_23B12D8245EC59816F43BB958A31624B_0__9BE084E15503D5839D24D049A4F5EBA5331192D7.udd" 722
"C:/Users/???/AppData/Local/UnrealEngine/Common/DerivedDataCache/9/4/9/TEXTURE_814DCC3DC72143F49509781513CB9855_AUTODXT_259E329341FAC24EEF1C57AFF633C__E9182140D88461A3013066A5146DCB41E819F437.udd" 723
"C:/Users/???/AppData/Local/UnrealEngine/Common/DerivedDataCache/2/7/9/TEXTURE_814DCC3DC72143F49509781513CB9855_AUTODXT_335BDB014486BE9F866D088A6DCFF__6C257680264E96D9BC498A2328394FFF278CC27F.udd" 724
"C:/Users/???/AppData/Local/UnrealEngine/Common/DerivedDataCache/8/2/4/TEXTURE_814DCC3DC72143F49509781513CB9855_G8_D2313B3C44119D50328D409CBB430545_0__2A208764943EA55842E92F2FAE52199BC71FC303.udd" 725
"C:/Users/???/AppData/Local/UnrealEngine/Common/DerivedDataCache/6/8/9/TEXTURE_814DCC3DC72143F49509781513CB9855_AUTODXT_E0D04EED42E0CCE6DD42FD92313CB__443E1551EC0E9557519545318021699621C5CE1B.udd" 726
"C:/Users/???/AppData/Local/UnrealEngine/Common/DerivedDataCache/9/6/3/TEXTURE_814DCC3DC72143F49509781513CB9855_AUTODXT_335BDB014486BE9F866D088A6DCFF__7978EB652FD2B011539982A64B2212AA98CA36FF.udd" 727
"C:/Users/???/AppData/Local/UnrealEngine/Common/DerivedDataCache/3/9/7/TEXTURE_814DCC3DC72143F49509781513CB9855_AUTODXT_259E329341FAC24EEF1C57AFF633C__B5731DA113BDC0E89CB0E42D9CB1158F039124EE.udd" 728
"C:/Users/???/AppData/Local/UnrealEngine/Common/DerivedDataCache/8/5/9/TEXTURE_814DCC3DC72143F49509781513CB9855_G8_D2313B3C44119D50328D409CBB430545_0__B3AE98F9C223A943A661AF1491721968B8A0C063.udd" 729
"C:/Users/???/AppData/Local/UnrealEngine/Common/DerivedDataCache/6/9/2/TEXTURE_814DCC3DC72143F49509781513CB9855_AUTODXT_628DF7084EB6C6BF2F37E5B147BD1__87D6735B0DEB98F1147CFD4C05BD20D29E992BA5.udd" 730
"C:/Users/???/AppData/Local/UnrealEngine/Common/DerivedDataCache/4/7/1/TEXTURE_814DCC3DC72143F49509781513CB9855_G8_23B12D8245EC59816F43BB958A31624B_0__A746B82E8C1FFEC8D2EAF59CB1164CBF23959C77.udd" 731
"C:/Users/???/AppData/Local/UnrealEngine/Common/DerivedDataCache/2/8/1/TEXTURE_814DCC3DC72143F49509781513CB9855_AUTODXT_628DF7084EB6C6BF2F37E5B147BD1__A0B606B38F015619CC48EBE9A3C91CB75053B47E.udd" 732
"C:/Users/???/AppData/Local/UnrealEngine/Common/DerivedDataCache/2/2/3/TEXTURE_814DCC3DC72143F49509781513CB9855_AUTODXT_335BDB014486BE9F866D088A6DCFF__7634828BF7752D09306C1A3117AA2757AD13C1AC.udd" 733
"C:/Users/???/AppData/Local/UnrealEngine/Common/DerivedDataCache/6/3/2/TEXTURE_814DCC3DC72143F49509781513CB9855_AUTODXT_E0D04EED42E0CCE6DD42FD92313CB__B164CC6DA58250A67477D41C6674327A1BE49D07.udd" 734
"C:/Users/???/AppData/Local/UnrealEngine/Common/DerivedDataCache/5/9/1/TEXTURE_814DCC3DC72143F49509781513CB9855_AUTODXT_628DF7084EB6C6BF2F37E5B147BD1__495D465EC874C3A13618CD51A3FB61AAD7EADF27.udd" 735
"C:/Users/???/AppData/Local/UnrealEngine/Common/DerivedDataCache/8/9/7/TEXTURE_814DCC3DC72143F49509781513CB9855_AUTODXT_335BDB014486BE9F866D088A6DCFF__5126395C8D9000B230131D1EF0008332930C22F8.udd" 736
"C:/Users/???/AppData/Local/UnrealEngine/Common/DerivedDataCache/8/4/5/TEXTURE_814DCC3DC72143F49509781513CB9855_AUTODXT_259E329341FAC24EEF1C57AFF633C__B7DD8241FE9E6A709F9826979C9EB6AC2EB9D472.udd" 737
"C:/Users/???/AppData/Local/UnrealEngine/Common/DerivedDataCache/4/4/2/TEXTURE_814DCC3DC72143F49509781513CB9855_AUTODXT_E0D04EED42E0CCE6DD42FD92313CB__13E9582245A6406E5C605572A18E3B3D4E8759D9.udd" 738
"C:/Users/???/AppData/Local/UnrealEngine/Common/DerivedDataCache/8/5/2/TEXTURE_814DCC3DC72143F49509781513CB9855_AUTODXT_628DF7084EB6C6BF2F37E5B147BD1__F9D1A77AB7394663B3ABA6E69FDD405AD0F72175.udd" 739
"C:/Users/???/AppData/Local/UnrealEngine/Common/DerivedDataCache/3/4/6/TEXTURE_814DCC3DC72143F49509781513CB9855_G8_23B12D8245EC59816F43BB958A31624B_0__22DDC1C125B792C6646A0DBDE0E40CD353BDE521.udd" 740
"C:/Users/???/AppData/Local/UnrealEngine/Common/DerivedDataCache/3/6/9/TEXTURE_814DCC3DC72143F49509781513CB9855_AUTODXT_D49760E441C4DC7D4CB6E0BA3A4A3__23975B6A1B5D3BAD4DF3DF751B2AF448BB1228F7.udd" 741
"C:/Users/???/AppData/Local/UnrealEngine/Common/DerivedDataCache/0/1/0/TEXTURE_814DCC3DC72143F49509781513CB9855_AUTODXT_259E329341FAC24EEF1C57AFF633C__43F2DB2CE08029C9C75BC6D583C3972645C0B322.udd" 742
"C:/Users/???/AppData/Local/UnrealEngine/Common/DerivedDataCache/8/9/7/TEXTURE_814DCC3DC72143F49509781513CB9855_AUTODXT_E0D04EED42E0CCE6DD42FD92313CB__D6B1CFFFC53952AD0CFFB1E552A9C6F1D8883BCD.udd" 743
"C:/Users/???/AppData/Local/UnrealEngine/Common/DerivedDataCache/4/5/2/TEXTURE_814DCC3DC72143F49509781513CB9855_AUTODXT_259E329341FAC24EEF1C57AFF633C__71E206E7D55AC1D81D3397C4F01C9EA96647F986.udd" 744
"C:/Users/???/AppData/Local/UnrealEngine/Common/DerivedDataCache/6/2/0/TEXTURE_814DCC3DC72143F49509781513CB9855_AUTODXT_D49760E441C4DC7D4CB6E0BA3A4A3__3441EB0507812D3EB4192205E9468DE842B6F30E.udd" 745
"C:/Users/???/AppData/Local/UnrealEngine/Common/DerivedDataCache/5/7/7/TEXTURE_814DCC3DC72143F49509781513CB9855_AUTODXT_D49760E441C4DC7D4CB6E0BA3A4A3__7256A2A3A59A63F0B36FF63CA91810E45CF7A571.udd" 746
"C:/Users/???/AppData/Local/UnrealEngine/Common/DerivedDataCache/7/8/3/TEXTURE_814DCC3DC72143F49509781513CB9855_AUTODXT_D49760E441C4DC7D4CB6E0BA3A4A3__19F9E81795B803045470587FD28396A093662FA6.udd" 747
"../../../Engine/Content/EditorResources/EmptyActor.uasset" 748
"../../../Engine/Content/MobileResources/HUD/MobileHUDButton2_off.uasset" 749
"../../../Engine/Content/MobileResources/HUD/MobileHUDButton3.uasset" 750
"../../../Engine/Content/MobileResources/HUD/MobileHUDButton1_off.uasset" 751
"../../../Engine/Content/MobileResources/HUD/T_Castle_ThumbstickInner.uasset" 752
"../../../Engine/Content/MobileResources/HUD/MobileHUDButton1_on.uasset" 753
"../../../Engine/Content/MobileResources/HUD/MobileHUDDirectionPad2.uasset" 754
"../../../Engine/Content/MobileResources/T_MobileMenu2.uasset" 755
"../../../Engine/Content/MobileResources/T_MobileControls_texture.uasset" 756
"../../../Engine/Content/MobileResources/HUD/MobileHUDDirectionStick.uasset" 757
"../../../../../../../UnrealProject/UE4GitTest/Saved/Stats/2015.10.03-00.51.32Stats.csv" 758
"..\..\..\Engine\Content\Internationalization\icudt53l\windowsZones.res" 759
"..\..\..\Engine\Content\Internationalization\icudt53l\zoneinfo64.res" 760
"..\..\..\Engine\Content\Internationalization\icudt53l\keyTypeData.res" 761
"..\..\..\Engine\Content\Internationalization\icudt53l\timezoneTypes.res" 762
"..\..\..\Engine\Content\Internationalization\icudt53l\likelySubtags.res" 763
"..\..\..\Engine\Content\Internationalization\icudt53l\supplementalData.res" 764
